[0.044s] Invoking command in '/home/hkim/development/tello_ros_ws/build/tello_msgs': CMAKE_PREFIX_PATH=${CMAKE_PREFIX_PATH}:/opt/ros/foxy /usr/bin/cmake --build /home/hkim/development/tello_ros_ws/build/tello_msgs -- -j4 -l4
[0.138s] [  2%] Built target tello_msgs__cpp
[0.179s] [ 12%] Built target tello_msgs__rosidl_generator_c
[0.220s] [ 23%] Built target tello_msgs__rosidl_typesupport_introspection_cpp
[0.274s] [ 34%] Built target tello_msgs__rosidl_typesupport_introspection_c
[0.343s] [ 44%] Built target tello_msgs__rosidl_typesupport_c
[0.429s] [ 55%] Built target tello_msgs__rosidl_typesupport_fastrtps_cpp
[0.505s] [ 65%] Built target tello_msgs__rosidl_typesupport_cpp
[0.591s] [ 76%] Built target tello_msgs__rosidl_typesupport_fastrtps_c
[0.676s] [ 76%] Built target tello_msgs
[0.784s] [ 78%] Built target tello_msgs__py
[0.894s] [ 87%] Built target tello_msgs__python
[1.002s] [ 91%] Built target tello_msgs__rosidl_typesupport_c__pyext
[1.176s] [ 95%] Built target tello_msgs__rosidl_typesupport_introspection_c__pyext
[1.269s] [100%] Built target tello_msgs__rosidl_typesupport_fastrtps_c__pyext
[1.325s] Invoked command in '/home/hkim/development/tello_ros_ws/build/tello_msgs' returned '0': CMAKE_PREFIX_PATH=${CMAKE_PREFIX_PATH}:/opt/ros/foxy /usr/bin/cmake --build /home/hkim/development/tello_ros_ws/build/tello_msgs -- -j4 -l4
[1.616s] Invoking command in '/home/hkim/development/tello_ros_ws/build/tello_msgs': CMAKE_PREFIX_PATH=${CMAKE_PREFIX_PATH}:/opt/ros/foxy /usr/bin/cmake --install /home/hkim/development/tello_ros_ws/build/tello_msgs
[1.652s] -- Install configuration: ""
[1.652s] -- Up-to-date: /home/hkim/development/tello_ros_ws/install/tello_msgs/share/ament_index/resource_index/rosidl_interfaces/tello_msgs
[1.654s] -- Up-to-date: /home/hkim/development/tello_ros_ws/install/tello_msgs/include/tello_msgs
[1.654s] -- Up-to-date: /home/hkim/development/tello_ros_ws/install/tello_msgs/include/tello_msgs/srv
[1.655s] -- Up-to-date: /home/hkim/development/tello_ros_ws/install/tello_msgs/include/tello_msgs/srv/detail
[1.657s] -- Up-to-date: /home/hkim/development/tello_ros_ws/install/tello_msgs/include/tello_msgs/srv/detail/tello_action__functions.h
[1.657s] -- Up-to-date: /home/hkim/development/tello_ros_ws/install/tello_msgs/include/tello_msgs/srv/detail/tello_action__struct.h
[1.658s] -- Up-to-date: /home/hkim/development/tello_ros_ws/install/tello_msgs/include/tello_msgs/srv/detail/tello_action__type_support.h
[1.658s] -- Up-to-date: /home/hkim/development/tello_ros_ws/install/tello_msgs/include/tello_msgs/srv/detail/tello_action__functions.c
[1.658s] -- Up-to-date: /home/hkim/development/tello_ros_ws/install/tello_msgs/include/tello_msgs/srv/tello_action.h
[1.658s] -- Up-to-date: /home/hkim/development/tello_ros_ws/install/tello_msgs/include/tello_msgs/msg
[1.658s] -- Up-to-date: /home/hkim/development/tello_ros_ws/install/tello_msgs/include/tello_msgs/msg/detail
[1.660s] -- Up-to-date: /home/hkim/development/tello_ros_ws/install/tello_msgs/include/tello_msgs/msg/detail/flight_data__struct.h
[1.660s] -- Up-to-date: /home/hkim/development/tello_ros_ws/install/tello_msgs/include/tello_msgs/msg/detail/flight_data__functions.c
[1.660s] -- Up-to-date: /home/hkim/development/tello_ros_ws/install/tello_msgs/include/tello_msgs/msg/detail/flight_data__type_support.h
[1.660s] -- Up-to-date: /home/hkim/development/tello_ros_ws/install/tello_msgs/include/tello_msgs/msg/detail/tello_response__type_support.h
[1.660s] -- Up-to-date: /home/hkim/development/tello_ros_ws/install/tello_msgs/include/tello_msgs/msg/detail/tello_response__struct.h
[1.661s] -- Up-to-date: /home/hkim/development/tello_ros_ws/install/tello_msgs/include/tello_msgs/msg/detail/tello_response__functions.h
[1.661s] -- Up-to-date: /home/hkim/development/tello_ros_ws/install/tello_msgs/include/tello_msgs/msg/detail/flight_data__functions.h
[1.661s] -- Up-to-date: /home/hkim/development/tello_ros_ws/install/tello_msgs/include/tello_msgs/msg/detail/tello_response__functions.c
[1.661s] -- Up-to-date: /home/hkim/development/tello_ros_ws/install/tello_msgs/include/tello_msgs/msg/tello_response.h
[1.661s] -- Up-to-date: /home/hkim/development/tello_ros_ws/install/tello_msgs/include/tello_msgs/msg/rosidl_generator_c__visibility_control.h
[1.661s] -- Up-to-date: /home/hkim/development/tello_ros_ws/install/tello_msgs/include/tello_msgs/msg/flight_data.h
[1.661s] -- Up-to-date: /home/hkim/development/tello_ros_ws/install/tello_msgs/share/tello_msgs/environment/library_path.sh
[1.661s] -- Up-to-date: /home/hkim/development/tello_ros_ws/install/tello_msgs/share/tello_msgs/environment/library_path.dsv
[1.662s] -- Up-to-date: /home/hkim/development/tello_ros_ws/install/tello_msgs/lib/libtello_msgs__rosidl_generator_c.so
[1.663s] -- Up-to-date: /home/hkim/development/tello_ros_ws/install/tello_msgs/include/tello_msgs
[1.663s] -- Up-to-date: /home/hkim/development/tello_ros_ws/install/tello_msgs/include/tello_msgs/srv
[1.663s] -- Up-to-date: /home/hkim/development/tello_ros_ws/install/tello_msgs/include/tello_msgs/srv/detail
[1.663s] -- Up-to-date: /home/hkim/development/tello_ros_ws/install/tello_msgs/include/tello_msgs/srv/detail/tello_action__rosidl_typesupport_fastrtps_c.h
[1.663s] -- Up-to-date: /home/hkim/development/tello_ros_ws/install/tello_msgs/include/tello_msgs/msg
[1.663s] -- Up-to-date: /home/hkim/development/tello_ros_ws/install/tello_msgs/include/tello_msgs/msg/detail
[1.663s] -- Up-to-date: /home/hkim/development/tello_ros_ws/install/tello_msgs/include/tello_msgs/msg/detail/tello_response__rosidl_typesupport_fastrtps_c.h
[1.664s] -- Up-to-date: /home/hkim/development/tello_ros_ws/install/tello_msgs/include/tello_msgs/msg/detail/flight_data__rosidl_typesupport_fastrtps_c.h
[1.664s] -- Up-to-date: /home/hkim/development/tello_ros_ws/install/tello_msgs/include/tello_msgs/msg/rosidl_typesupport_fastrtps_c__visibility_control.h
[1.664s] -- Up-to-date: /home/hkim/development/tello_ros_ws/install/tello_msgs/lib/libtello_msgs__rosidl_typesupport_fastrtps_c.so
[1.666s] -- Up-to-date: /home/hkim/development/tello_ros_ws/install/tello_msgs/include/tello_msgs
[1.668s] -- Up-to-date: /home/hkim/development/tello_ros_ws/install/tello_msgs/include/tello_msgs/srv
[1.669s] -- Up-to-date: /home/hkim/development/tello_ros_ws/install/tello_msgs/include/tello_msgs/srv/detail
[1.669s] -- Up-to-date: /home/hkim/development/tello_ros_ws/install/tello_msgs/include/tello_msgs/srv/detail/dds_fastrtps
[1.669s] -- Up-to-date: /home/hkim/development/tello_ros_ws/install/tello_msgs/include/tello_msgs/srv/detail/tello_action__rosidl_typesupport_fastrtps_cpp.hpp
[1.669s] -- Up-to-date: /home/hkim/development/tello_ros_ws/install/tello_msgs/include/tello_msgs/msg
[1.669s] -- Up-to-date: /home/hkim/development/tello_ros_ws/install/tello_msgs/include/tello_msgs/msg/detail
[1.669s] -- Up-to-date: /home/hkim/development/tello_ros_ws/install/tello_msgs/include/tello_msgs/msg/detail/dds_fastrtps
[1.670s] -- Up-to-date: /home/hkim/development/tello_ros_ws/install/tello_msgs/include/tello_msgs/msg/detail/flight_data__rosidl_typesupport_fastrtps_cpp.hpp
[1.670s] -- Up-to-date: /home/hkim/development/tello_ros_ws/install/tello_msgs/include/tello_msgs/msg/detail/tello_response__rosidl_typesupport_fastrtps_cpp.hpp
[1.670s] -- Up-to-date: /home/hkim/development/tello_ros_ws/install/tello_msgs/include/tello_msgs/msg/rosidl_typesupport_fastrtps_cpp__visibility_control.h
[1.670s] -- Up-to-date: /home/hkim/development/tello_ros_ws/install/tello_msgs/lib/libtello_msgs__rosidl_typesupport_fastrtps_cpp.so
[1.675s] -- Up-to-date: /home/hkim/development/tello_ros_ws/install/tello_msgs/include/tello_msgs
[1.676s] -- Up-to-date: /home/hkim/development/tello_ros_ws/install/tello_msgs/include/tello_msgs/srv
[1.676s] -- Up-to-date: /home/hkim/development/tello_ros_ws/install/tello_msgs/include/tello_msgs/srv/detail
[1.677s] -- Up-to-date: /home/hkim/development/tello_ros_ws/install/tello_msgs/include/tello_msgs/srv/detail/tello_action__rosidl_typesupport_introspection_c.h
[1.677s] -- Up-to-date: /home/hkim/development/tello_ros_ws/install/tello_msgs/include/tello_msgs/srv/detail/tello_action__type_support.c
[1.677s] -- Up-to-date: /home/hkim/development/tello_ros_ws/install/tello_msgs/include/tello_msgs/msg
[1.682s] -- Up-to-date: /home/hkim/development/tello_ros_ws/install/tello_msgs/include/tello_msgs/msg/detail
[1.684s] -- Up-to-date: /home/hkim/development/tello_ros_ws/install/tello_msgs/include/tello_msgs/msg/detail/flight_data__type_support.c
[1.684s] -- Up-to-date: /home/hkim/development/tello_ros_ws/install/tello_msgs/include/tello_msgs/msg/detail/tello_response__type_support.c
[1.688s] -- Up-to-date: /home/hkim/development/tello_ros_ws/install/tello_msgs/include/tello_msgs/msg/detail/tello_response__rosidl_typesupport_introspection_c.h
[1.688s] -- Up-to-date: /home/hkim/development/tello_ros_ws/install/tello_msgs/include/tello_msgs/msg/detail/flight_data__rosidl_typesupport_introspection_c.h
[1.688s] -- Up-to-date: /home/hkim/development/tello_ros_ws/install/tello_msgs/include/tello_msgs/msg/rosidl_typesupport_introspection_c__visibility_control.h
[1.688s] -- Up-to-date: /home/hkim/development/tello_ros_ws/install/tello_msgs/lib/libtello_msgs__rosidl_typesupport_introspection_c.so
[1.689s] -- Up-to-date: /home/hkim/development/tello_ros_ws/install/tello_msgs/lib/libtello_msgs__rosidl_typesupport_c.so
[1.689s] -- Up-to-date: /home/hkim/development/tello_ros_ws/install/tello_msgs/include/tello_msgs
[1.689s] -- Up-to-date: /home/hkim/development/tello_ros_ws/install/tello_msgs/include/tello_msgs/srv
[1.689s] -- Up-to-date: /home/hkim/development/tello_ros_ws/install/tello_msgs/include/tello_msgs/srv/detail
[1.690s] -- Up-to-date: /home/hkim/development/tello_ros_ws/install/tello_msgs/include/tello_msgs/srv/detail/tello_action__type_support.hpp
[1.690s] -- Up-to-date: /home/hkim/development/tello_ros_ws/install/tello_msgs/include/tello_msgs/srv/detail/tello_action__struct.hpp
[1.690s] -- Up-to-date: /home/hkim/development/tello_ros_ws/install/tello_msgs/include/tello_msgs/srv/detail/tello_action__traits.hpp
[1.691s] -- Up-to-date: /home/hkim/development/tello_ros_ws/install/tello_msgs/include/tello_msgs/srv/detail/tello_action__builder.hpp
[1.691s] -- Up-to-date: /home/hkim/development/tello_ros_ws/install/tello_msgs/include/tello_msgs/srv/tello_action.hpp
[1.691s] -- Up-to-date: /home/hkim/development/tello_ros_ws/install/tello_msgs/include/tello_msgs/msg
[1.691s] -- Up-to-date: /home/hkim/development/tello_ros_ws/install/tello_msgs/include/tello_msgs/msg/tello_response.hpp
[1.691s] -- Up-to-date: /home/hkim/development/tello_ros_ws/install/tello_msgs/include/tello_msgs/msg/rosidl_generator_cpp__visibility_control.hpp
[1.691s] -- Up-to-date: /home/hkim/development/tello_ros_ws/install/tello_msgs/include/tello_msgs/msg/detail
[1.691s] -- Up-to-date: /home/hkim/development/tello_ros_ws/install/tello_msgs/include/tello_msgs/msg/detail/flight_data__builder.hpp
[1.692s] -- Up-to-date: /home/hkim/development/tello_ros_ws/install/tello_msgs/include/tello_msgs/msg/detail/flight_data__type_support.hpp
[1.692s] -- Up-to-date: /home/hkim/development/tello_ros_ws/install/tello_msgs/include/tello_msgs/msg/detail/flight_data__traits.hpp
[1.692s] -- Up-to-date: /home/hkim/development/tello_ros_ws/install/tello_msgs/include/tello_msgs/msg/detail/tello_response__struct.hpp
[1.692s] -- Up-to-date: /home/hkim/development/tello_ros_ws/install/tello_msgs/include/tello_msgs/msg/detail/tello_response__traits.hpp
[1.692s] -- Up-to-date: /home/hkim/development/tello_ros_ws/install/tello_msgs/include/tello_msgs/msg/detail/flight_data__struct.hpp
[1.692s] -- Up-to-date: /home/hkim/development/tello_ros_ws/install/tello_msgs/include/tello_msgs/msg/detail/tello_response__type_support.hpp
[1.692s] -- Up-to-date: /home/hkim/development/tello_ros_ws/install/tello_msgs/include/tello_msgs/msg/detail/tello_response__builder.hpp
[1.692s] -- Up-to-date: /home/hkim/development/tello_ros_ws/install/tello_msgs/include/tello_msgs/msg/flight_data.hpp
[1.693s] -- Up-to-date: /home/hkim/development/tello_ros_ws/install/tello_msgs/include/tello_msgs
[1.693s] -- Up-to-date: /home/hkim/development/tello_ros_ws/install/tello_msgs/include/tello_msgs/srv
[1.693s] -- Up-to-date: /home/hkim/development/tello_ros_ws/install/tello_msgs/include/tello_msgs/srv/detail
[1.693s] -- Up-to-date: /home/hkim/development/tello_ros_ws/install/tello_msgs/include/tello_msgs/srv/detail/tello_action__rosidl_typesupport_introspection_cpp.hpp
[1.693s] -- Up-to-date: /home/hkim/development/tello_ros_ws/install/tello_msgs/include/tello_msgs/srv/detail/tello_action__type_support.cpp
[1.693s] -- Up-to-date: /home/hkim/development/tello_ros_ws/install/tello_msgs/include/tello_msgs/msg
[1.693s] -- Up-to-date: /home/hkim/development/tello_ros_ws/install/tello_msgs/include/tello_msgs/msg/detail
[1.693s] -- Up-to-date: /home/hkim/development/tello_ros_ws/install/tello_msgs/include/tello_msgs/msg/detail/tello_response__rosidl_typesupport_introspection_cpp.hpp
[1.694s] -- Up-to-date: /home/hkim/development/tello_ros_ws/install/tello_msgs/include/tello_msgs/msg/detail/flight_data__rosidl_typesupport_introspection_cpp.hpp
[1.694s] -- Up-to-date: /home/hkim/development/tello_ros_ws/install/tello_msgs/include/tello_msgs/msg/detail/tello_response__type_support.cpp
[1.694s] -- Up-to-date: /home/hkim/development/tello_ros_ws/install/tello_msgs/include/tello_msgs/msg/detail/flight_data__type_support.cpp
[1.694s] -- Up-to-date: /home/hkim/development/tello_ros_ws/install/tello_msgs/lib/libtello_msgs__rosidl_typesupport_introspection_cpp.so
[1.694s] -- Up-to-date: /home/hkim/development/tello_ros_ws/install/tello_msgs/lib/libtello_msgs__rosidl_typesupport_cpp.so
[1.694s] -- Up-to-date: /home/hkim/development/tello_ros_ws/install/tello_msgs/share/tello_msgs/environment/pythonpath.sh
[1.695s] -- Up-to-date: /home/hkim/development/tello_ros_ws/install/tello_msgs/share/tello_msgs/environment/pythonpath.dsv
[1.695s] -- Up-to-date: /home/hkim/development/tello_ros_ws/install/tello_msgs/lib/python3.8/site-packages/tello_msgs/__init__.py
[1.810s] -- Up-to-date: /home/hkim/development/tello_ros_ws/install/tello_msgs/lib/python3.8/site-packages/tello_msgs/msg
[1.810s] -- Up-to-date: /home/hkim/development/tello_ros_ws/install/tello_msgs/lib/python3.8/site-packages/tello_msgs/msg/_tello_response_s.c
[1.810s] -- Up-to-date: /home/hkim/development/tello_ros_ws/install/tello_msgs/lib/python3.8/site-packages/tello_msgs/msg/_flight_data.py
[1.810s] -- Up-to-date: /home/hkim/development/tello_ros_ws/install/tello_msgs/lib/python3.8/site-packages/tello_msgs/msg/_flight_data_s.c
[1.810s] -- Up-to-date: /home/hkim/development/tello_ros_ws/install/tello_msgs/lib/python3.8/site-packages/tello_msgs/msg/_tello_response.py
[1.810s] -- Up-to-date: /home/hkim/development/tello_ros_ws/install/tello_msgs/lib/python3.8/site-packages/tello_msgs/msg/__init__.py
[1.811s] -- Up-to-date: /home/hkim/development/tello_ros_ws/install/tello_msgs/lib/python3.8/site-packages/tello_msgs/srv
[1.811s] -- Up-to-date: /home/hkim/development/tello_ros_ws/install/tello_msgs/lib/python3.8/site-packages/tello_msgs/srv/_tello_action_s.c
[1.811s] -- Up-to-date: /home/hkim/development/tello_ros_ws/install/tello_msgs/lib/python3.8/site-packages/tello_msgs/srv/__init__.py
[1.811s] -- Up-to-date: /home/hkim/development/tello_ros_ws/install/tello_msgs/lib/python3.8/site-packages/tello_msgs/srv/_tello_action.py
[1.811s] -- Up-to-date: /home/hkim/development/tello_ros_ws/install/tello_msgs/lib/python3.8/site-packages/tello_msgs/tello_msgs_s__rosidl_typesupport_fastrtps_c.cpython-38-x86_64-linux-gnu.so
[1.811s] -- Up-to-date: /home/hkim/development/tello_ros_ws/install/tello_msgs/lib/python3.8/site-packages/tello_msgs/tello_msgs_s__rosidl_typesupport_introspection_c.cpython-38-x86_64-linux-gnu.so
[1.811s] -- Up-to-date: /home/hkim/development/tello_ros_ws/install/tello_msgs/lib/python3.8/site-packages/tello_msgs/tello_msgs_s__rosidl_typesupport_c.cpython-38-x86_64-linux-gnu.so
[1.818s] -- Up-to-date: /home/hkim/development/tello_ros_ws/install/tello_msgs/lib/libtello_msgs__python.so
[1.818s] -- Up-to-date: /home/hkim/development/tello_ros_ws/install/tello_msgs/share/tello_msgs/msg/FlightData.idl
[1.818s] -- Up-to-date: /home/hkim/development/tello_ros_ws/install/tello_msgs/share/tello_msgs/msg/TelloResponse.idl
[1.818s] -- Up-to-date: /home/hkim/development/tello_ros_ws/install/tello_msgs/share/tello_msgs/srv/TelloAction.idl
[1.818s] -- Up-to-date: /home/hkim/development/tello_ros_ws/install/tello_msgs/share/tello_msgs/msg/FlightData.msg
[1.819s] -- Up-to-date: /home/hkim/development/tello_ros_ws/install/tello_msgs/share/tello_msgs/msg/TelloResponse.msg
[1.819s] -- Up-to-date: /home/hkim/development/tello_ros_ws/install/tello_msgs/share/tello_msgs/srv/TelloAction.srv
[1.819s] -- Up-to-date: /home/hkim/development/tello_ros_ws/install/tello_msgs/share/tello_msgs/srv/TelloAction_Request.msg
[1.819s] -- Up-to-date: /home/hkim/development/tello_ros_ws/install/tello_msgs/share/tello_msgs/srv/TelloAction_Response.msg
[1.819s] -- Up-to-date: /home/hkim/development/tello_ros_ws/install/tello_msgs/share/ament_index/resource_index/package_run_dependencies/tello_msgs
[1.834s] -- Up-to-date: /home/hkim/development/tello_ros_ws/install/tello_msgs/share/ament_index/resource_index/parent_prefix_path/tello_msgs
[1.834s] -- Up-to-date: /home/hkim/development/tello_ros_ws/install/tello_msgs/share/tello_msgs/environment/ament_prefix_path.sh
[1.834s] -- Up-to-date: /home/hkim/development/tello_ros_ws/install/tello_msgs/share/tello_msgs/environment/ament_prefix_path.dsv
[1.834s] -- Up-to-date: /home/hkim/development/tello_ros_ws/install/tello_msgs/share/tello_msgs/environment/path.sh
[1.835s] -- Up-to-date: /home/hkim/development/tello_ros_ws/install/tello_msgs/share/tello_msgs/environment/path.dsv
[1.835s] -- Up-to-date: /home/hkim/development/tello_ros_ws/install/tello_msgs/share/tello_msgs/local_setup.bash
[1.835s] -- Up-to-date: /home/hkim/development/tello_ros_ws/install/tello_msgs/share/tello_msgs/local_setup.sh
[1.835s] -- Up-to-date: /home/hkim/development/tello_ros_ws/install/tello_msgs/share/tello_msgs/local_setup.zsh
[1.835s] -- Up-to-date: /home/hkim/development/tello_ros_ws/install/tello_msgs/share/tello_msgs/local_setup.dsv
[1.835s] -- Installing: /home/hkim/development/tello_ros_ws/install/tello_msgs/share/tello_msgs/package.dsv
[1.836s] -- Up-to-date: /home/hkim/development/tello_ros_ws/install/tello_msgs/share/ament_index/resource_index/packages/tello_msgs
[1.836s] -- Up-to-date: /home/hkim/development/tello_ros_ws/install/tello_msgs/share/tello_msgs/cmake/tello_msgs__rosidl_generator_cExport.cmake
[1.837s] -- Up-to-date: /home/hkim/development/tello_ros_ws/install/tello_msgs/share/tello_msgs/cmake/tello_msgs__rosidl_generator_cExport-noconfig.cmake
[1.837s] -- Up-to-date: /home/hkim/development/tello_ros_ws/install/tello_msgs/share/tello_msgs/cmake/tello_msgs__rosidl_typesupport_introspection_cExport.cmake
[1.837s] -- Up-to-date: /home/hkim/development/tello_ros_ws/install/tello_msgs/share/tello_msgs/cmake/tello_msgs__rosidl_typesupport_introspection_cExport-noconfig.cmake
[1.837s] -- Up-to-date: /home/hkim/development/tello_ros_ws/install/tello_msgs/share/tello_msgs/cmake/tello_msgs__rosidl_typesupport_cExport.cmake
[1.837s] -- Up-to-date: /home/hkim/development/tello_ros_ws/install/tello_msgs/share/tello_msgs/cmake/tello_msgs__rosidl_typesupport_cExport-noconfig.cmake
[1.837s] -- Up-to-date: /home/hkim/development/tello_ros_ws/install/tello_msgs/share/tello_msgs/cmake/tello_msgs__rosidl_generator_cppExport.cmake
[1.838s] -- Up-to-date: /home/hkim/development/tello_ros_ws/install/tello_msgs/share/tello_msgs/cmake/tello_msgs__rosidl_typesupport_introspection_cppExport.cmake
[1.838s] -- Up-to-date: /home/hkim/development/tello_ros_ws/install/tello_msgs/share/tello_msgs/cmake/tello_msgs__rosidl_typesupport_introspection_cppExport-noconfig.cmake
[1.838s] -- Up-to-date: /home/hkim/development/tello_ros_ws/install/tello_msgs/share/tello_msgs/cmake/tello_msgs__rosidl_typesupport_cppExport.cmake
[1.838s] -- Up-to-date: /home/hkim/development/tello_ros_ws/install/tello_msgs/share/tello_msgs/cmake/tello_msgs__rosidl_typesupport_cppExport-noconfig.cmake
[1.838s] -- Up-to-date: /home/hkim/development/tello_ros_ws/install/tello_msgs/share/tello_msgs/cmake/rosidl_cmake-extras.cmake
[1.839s] -- Up-to-date: /home/hkim/development/tello_ros_ws/install/tello_msgs/share/tello_msgs/cmake/ament_cmake_export_dependencies-extras.cmake
[1.839s] -- Up-to-date: /home/hkim/development/tello_ros_ws/install/tello_msgs/share/tello_msgs/cmake/ament_cmake_export_libraries-extras.cmake
[1.839s] -- Up-to-date: /home/hkim/development/tello_ros_ws/install/tello_msgs/share/tello_msgs/cmake/ament_cmake_export_targets-extras.cmake
[1.839s] -- Up-to-date: /home/hkim/development/tello_ros_ws/install/tello_msgs/share/tello_msgs/cmake/ament_cmake_export_include_directories-extras.cmake
[1.840s] -- Up-to-date: /home/hkim/development/tello_ros_ws/install/tello_msgs/share/tello_msgs/cmake/rosidl_cmake_export_typesupport_libraries-extras.cmake
[1.840s] -- Up-to-date: /home/hkim/development/tello_ros_ws/install/tello_msgs/share/tello_msgs/cmake/rosidl_cmake_export_typesupport_targets-extras.cmake
[1.840s] -- Up-to-date: /home/hkim/development/tello_ros_ws/install/tello_msgs/share/tello_msgs/cmake/tello_msgsConfig.cmake
[1.840s] -- Up-to-date: /home/hkim/development/tello_ros_ws/install/tello_msgs/share/tello_msgs/cmake/tello_msgsConfig-version.cmake
[1.840s] -- Up-to-date: /home/hkim/development/tello_ros_ws/install/tello_msgs/share/tello_msgs/package.xml
[1.841s] Invoked command in '/home/hkim/development/tello_ros_ws/build/tello_msgs' returned '0': CMAKE_PREFIX_PATH=${CMAKE_PREFIX_PATH}:/opt/ros/foxy /usr/bin/cmake --install /home/hkim/development/tello_ros_ws/build/tello_msgs
