[0.068s] Invoking command in '/home/hkim/development/tello_ros_ws/build/tello_driver': CMAKE_PREFIX_PATH=/home/hkim/development/tello_ros_ws/install/tello_msgs:/home/hkim/development/tello_ros_ws/install/ros2_shared:/home/hkim/development/tello_ros_ws/install/tello_gazebo:/home/hkim/development/tello_ros_ws/install/tello_driver:/home/hkim/development/tello_ros_ws/install/tello_description:/home/hkim/development/tello_ros_ws/install/fiducial_vlam:/home/hkim/development/tello_ros_ws/install/orbslam3:/home/hkim/development/tello_ros_ws/install/fiducial_vlam_msgs:/opt/ros/foxy LD_LIBRARY_PATH=/home/hkim/development/tello_ros_ws/install/tello_msgs/lib:/home/hkim/development/tello_ros_ws/install/tello_gazebo/lib:/home/hkim/development/tello_ros_ws/install/tello_driver/lib:/home/hkim/development/tello_ros_ws/install/fiducial_vlam/lib:/home/hkim/development/tello_ros_ws/install/fiducial_vlam_msgs/lib:/usr/lib/x86_64-linux-gnu/gazebo-11/plugins:/opt/ros/foxy/opt/yaml_cpp_vendor/lib:/opt/ros/foxy/opt/rviz_ogre_vendor/lib:/opt/ros/foxy/lib/x86_64-linux-gnu:/opt/ros/foxy/lib /usr/bin/cmake --build /home/hkim/development/tello_ros_ws/build/tello_driver -- -j4 -l4
[0.276s] [ 13%] Built target tello_joy_main
[0.321s] [ 22%] Built target tello_emulator
[0.385s] [ 31%] Built target tello_joy_node
[0.500s] [ 68%] Built target tello_driver_main
[0.624s] [100%] Built target tello_driver_node
[0.647s] Invoked command in '/home/hkim/development/tello_ros_ws/build/tello_driver' returned '0': CMAKE_PREFIX_PATH=/home/hkim/development/tello_ros_ws/install/tello_msgs:/home/hkim/development/tello_ros_ws/install/ros2_shared:/home/hkim/development/tello_ros_ws/install/tello_gazebo:/home/hkim/development/tello_ros_ws/install/tello_driver:/home/hkim/development/tello_ros_ws/install/tello_description:/home/hkim/development/tello_ros_ws/install/fiducial_vlam:/home/hkim/development/tello_ros_ws/install/orbslam3:/home/hkim/development/tello_ros_ws/install/fiducial_vlam_msgs:/opt/ros/foxy LD_LIBRARY_PATH=/home/hkim/development/tello_ros_ws/install/tello_msgs/lib:/home/hkim/development/tello_ros_ws/install/tello_gazebo/lib:/home/hkim/development/tello_ros_ws/install/tello_driver/lib:/home/hkim/development/tello_ros_ws/install/fiducial_vlam/lib:/home/hkim/development/tello_ros_ws/install/fiducial_vlam_msgs/lib:/usr/lib/x86_64-linux-gnu/gazebo-11/plugins:/opt/ros/foxy/opt/yaml_cpp_vendor/lib:/opt/ros/foxy/opt/rviz_ogre_vendor/lib:/opt/ros/foxy/lib/x86_64-linux-gnu:/opt/ros/foxy/lib /usr/bin/cmake --build /home/hkim/development/tello_ros_ws/build/tello_driver -- -j4 -l4
[0.858s] Invoking command in '/home/hkim/development/tello_ros_ws/build/tello_driver': CMAKE_PREFIX_PATH=/home/hkim/development/tello_ros_ws/install/tello_msgs:/home/hkim/development/tello_ros_ws/install/ros2_shared:/home/hkim/development/tello_ros_ws/install/tello_gazebo:/home/hkim/development/tello_ros_ws/install/tello_driver:/home/hkim/development/tello_ros_ws/install/tello_description:/home/hkim/development/tello_ros_ws/install/fiducial_vlam:/home/hkim/development/tello_ros_ws/install/orbslam3:/home/hkim/development/tello_ros_ws/install/fiducial_vlam_msgs:/opt/ros/foxy LD_LIBRARY_PATH=/home/hkim/development/tello_ros_ws/install/tello_msgs/lib:/home/hkim/development/tello_ros_ws/install/tello_gazebo/lib:/home/hkim/development/tello_ros_ws/install/tello_driver/lib:/home/hkim/development/tello_ros_ws/install/fiducial_vlam/lib:/home/hkim/development/tello_ros_ws/install/fiducial_vlam_msgs/lib:/usr/lib/x86_64-linux-gnu/gazebo-11/plugins:/opt/ros/foxy/opt/yaml_cpp_vendor/lib:/opt/ros/foxy/opt/rviz_ogre_vendor/lib:/opt/ros/foxy/lib/x86_64-linux-gnu:/opt/ros/foxy/lib /usr/bin/cmake --install /home/hkim/development/tello_ros_ws/build/tello_driver
[0.902s] -- Install configuration: ""
[0.902s] -- Up-to-date: /home/hkim/development/tello_ros_ws/install/tello_driver/share/tello_driver/environment/library_path.sh
[0.902s] -- Up-to-date: /home/hkim/development/tello_ros_ws/install/tello_driver/share/tello_driver/environment/library_path.dsv
[0.903s] -- Up-to-date: /home/hkim/development/tello_ros_ws/install/tello_driver/lib/libtello_driver_node.so
[0.904s] -- Up-to-date: /home/hkim/development/tello_ros_ws/install/tello_driver/lib/libtello_joy_node.so
[0.905s] -- Up-to-date: /home/hkim/development/tello_ros_ws/install/tello_driver/lib/tello_driver/tello_driver_main
[0.906s] -- Up-to-date: /home/hkim/development/tello_ros_ws/install/tello_driver/lib/tello_driver/tello_joy_main
[0.908s] -- Up-to-date: /home/hkim/development/tello_ros_ws/install/tello_driver/lib/tello_driver/tello_emulator
[0.908s] -- Up-to-date: /home/hkim/development/tello_ros_ws/install/tello_driver/share/tello_driver/cfg
[0.908s] -- Up-to-date: /home/hkim/development/tello_ros_ws/install/tello_driver/share/tello_driver/cfg/camera_info.yaml
[0.909s] -- Up-to-date: /home/hkim/development/tello_ros_ws/install/tello_driver/share/tello_driver/launch
[0.909s] -- Up-to-date: /home/hkim/development/tello_ros_ws/install/tello_driver/share/tello_driver/launch/teleop_launch.py
[0.909s] -- Up-to-date: /home/hkim/development/tello_ros_ws/install/tello_driver/share/tello_driver/launch/emulator_launch.py
[0.910s] -- Up-to-date: /home/hkim/development/tello_ros_ws/install/tello_driver/share/tello_driver/launch/emulators_launch.py
[0.910s] -- Up-to-date: /home/hkim/development/tello_ros_ws/install/tello_driver/share/ament_index/resource_index/package_run_dependencies/tello_driver
[0.910s] -- Up-to-date: /home/hkim/development/tello_ros_ws/install/tello_driver/share/ament_index/resource_index/parent_prefix_path/tello_driver
[0.910s] -- Up-to-date: /home/hkim/development/tello_ros_ws/install/tello_driver/share/tello_driver/environment/ament_prefix_path.sh
[0.910s] -- Up-to-date: /home/hkim/development/tello_ros_ws/install/tello_driver/share/tello_driver/environment/ament_prefix_path.dsv
[0.910s] -- Up-to-date: /home/hkim/development/tello_ros_ws/install/tello_driver/share/tello_driver/environment/path.sh
[0.910s] -- Up-to-date: /home/hkim/development/tello_ros_ws/install/tello_driver/share/tello_driver/environment/path.dsv
[0.911s] -- Up-to-date: /home/hkim/development/tello_ros_ws/install/tello_driver/share/tello_driver/local_setup.bash
[0.911s] -- Up-to-date: /home/hkim/development/tello_ros_ws/install/tello_driver/share/tello_driver/local_setup.sh
[0.911s] -- Up-to-date: /home/hkim/development/tello_ros_ws/install/tello_driver/share/tello_driver/local_setup.zsh
[0.911s] -- Up-to-date: /home/hkim/development/tello_ros_ws/install/tello_driver/share/tello_driver/local_setup.dsv
[0.911s] -- Installing: /home/hkim/development/tello_ros_ws/install/tello_driver/share/tello_driver/package.dsv
[0.911s] -- Up-to-date: /home/hkim/development/tello_ros_ws/install/tello_driver/share/ament_index/resource_index/packages/tello_driver
[0.911s] -- Up-to-date: /home/hkim/development/tello_ros_ws/install/tello_driver/share/ament_index/resource_index/rclcpp_components/tello_driver
[0.912s] -- Up-to-date: /home/hkim/development/tello_ros_ws/install/tello_driver/share/tello_driver/cmake/tello_driverConfig.cmake
[0.912s] -- Up-to-date: /home/hkim/development/tello_ros_ws/install/tello_driver/share/tello_driver/cmake/tello_driverConfig-version.cmake
[0.912s] -- Up-to-date: /home/hkim/development/tello_ros_ws/install/tello_driver/share/tello_driver/package.xml
[0.925s] Invoked command in '/home/hkim/development/tello_ros_ws/build/tello_driver' returned '0': CMAKE_PREFIX_PATH=/home/hkim/development/tello_ros_ws/install/tello_msgs:/home/hkim/development/tello_ros_ws/install/ros2_shared:/home/hkim/development/tello_ros_ws/install/tello_gazebo:/home/hkim/development/tello_ros_ws/install/tello_driver:/home/hkim/development/tello_ros_ws/install/tello_description:/home/hkim/development/tello_ros_ws/install/fiducial_vlam:/home/hkim/development/tello_ros_ws/install/orbslam3:/home/hkim/development/tello_ros_ws/install/fiducial_vlam_msgs:/opt/ros/foxy LD_LIBRARY_PATH=/home/hkim/development/tello_ros_ws/install/tello_msgs/lib:/home/hkim/development/tello_ros_ws/install/tello_gazebo/lib:/home/hkim/development/tello_ros_ws/install/tello_driver/lib:/home/hkim/development/tello_ros_ws/install/fiducial_vlam/lib:/home/hkim/development/tello_ros_ws/install/fiducial_vlam_msgs/lib:/usr/lib/x86_64-linux-gnu/gazebo-11/plugins:/opt/ros/foxy/opt/yaml_cpp_vendor/lib:/opt/ros/foxy/opt/rviz_ogre_vendor/lib:/opt/ros/foxy/lib/x86_64-linux-gnu:/opt/ros/foxy/lib /usr/bin/cmake --install /home/hkim/development/tello_ros_ws/build/tello_driver
