[0.038s] Invoking command in '/home/hkim/development/tello_ros_ws/build/orbslam3': CMAKE_PREFIX_PATH=${CMAKE_PREFIX_PATH}:/opt/ros/foxy /usr/bin/cmake --build /home/hkim/development/tello_ros_ws/build/orbslam3 -- -j4 -l4
[0.216s] [ 25%] Built target stereo-inertial
[0.269s] [35m[1mScanning dependencies of target mono[0m
[0.449s] [ 33%] [32mBuilding CXX object CMakeFiles/mono.dir/src/monocular/monocular-slam-node.cpp.o[0m
[6.805s] In file included from [01m[K/home/hkim/development/tello_ros_ws/src/ORB_SLAM3/include/Frame.h:30[m[K,
[6.805s]                  from [01m[K/home/hkim/development/tello_ros_ws/src/ORB_SLAM3/include/KeyFrame.h:28[m[K,
[6.805s]                  from [01m[K/home/hkim/development/tello_ros_ws/src/ORB_SLAM3/include/MapPoint.h:23[m[K,
[6.805s]                  from [01m[K/home/hkim/development/tello_ros_ws/src/ORB_SLAM3/include/FrameDrawer.h:24[m[K,
[6.805s]                  from [01m[K/home/hkim/development/tello_ros_ws/src/ORB_SLAM3/include/Viewer.h:23[m[K,
[6.805s]                  from [01m[K/home/hkim/development/tello_ros_ws/src/ORB_SLAM3/include/Tracking.h:26[m[K,
[6.805s]                  from [01m[K/home/hkim/development/tello_ros_ws/src/ORB_SLAM3/include/System.h:31[m[K,
[6.806s]                  from [01m[K/home/hkim/development/tello_ros_ws/src/orbslam3_ros2/src/monocular/monocular-slam-node.hpp:9[m[K,
[6.806s]                  from [01m[K/home/hkim/development/tello_ros_ws/src/orbslam3_ros2/src/monocular/monocular-slam-node.cpp:1[m[K:
[6.806s] [01m[K/home/hkim/development/tello_ros_ws/src/ORB_SLAM3/include/ImuTypes.h:[m[K In member function ‘[01m[Kvoid ORB_SLAM3::IMU::Preintegrated::printMeasurements() const[m[K’:
[6.806s] [01m[K/home/hkim/development/tello_ros_ws/src/ORB_SLAM3/include/ImuTypes.h:204:23:[m[K [01;35m[Kwarning: [m[Kcomparison of integer expressions of different signedness: ‘[01m[Kint[m[K’ and ‘[01m[Kstd::vector<ORB_SLAM3::IMU::Preintegrated::integrable>::size_type[m[K’ {aka ‘[01m[Klong unsigned int[m[K’} [[01;35m[K-Wsign-compare[m[K]
[6.806s]   204 |         for(int i=0; [01;35m[Ki<mvMeasurements.size()[m[K; i++){
[6.806s]       |                      [01;35m[K~^~~~~~~~~~~~~~~~~~~~~~[m[K
[6.906s] In file included from [01m[K/home/hkim/development/tello_ros_ws/src/ORB_SLAM3/include/../Thirdparty/g2o/g2o/types/types_six_dof_expmap.h:37[m[K,
[6.906s]                  from [01m[K/home/hkim/development/tello_ros_ws/src/ORB_SLAM3/include/Converter.h:26[m[K,
[6.906s]                  from [01m[K/home/hkim/development/tello_ros_ws/src/ORB_SLAM3/include/Frame.h:33[m[K,
[6.906s]                  from [01m[K/home/hkim/development/tello_ros_ws/src/ORB_SLAM3/include/KeyFrame.h:28[m[K,
[6.906s]                  from [01m[K/home/hkim/development/tello_ros_ws/src/ORB_SLAM3/include/MapPoint.h:23[m[K,
[6.907s]                  from [01m[K/home/hkim/development/tello_ros_ws/src/ORB_SLAM3/include/FrameDrawer.h:24[m[K,
[6.907s]                  from [01m[K/home/hkim/development/tello_ros_ws/src/ORB_SLAM3/include/Viewer.h:23[m[K,
[6.907s]                  from [01m[K/home/hkim/development/tello_ros_ws/src/ORB_SLAM3/include/Tracking.h:26[m[K,
[6.907s]                  from [01m[K/home/hkim/development/tello_ros_ws/src/ORB_SLAM3/include/System.h:31[m[K,
[6.907s]                  from [01m[K/home/hkim/development/tello_ros_ws/src/orbslam3_ros2/src/monocular/monocular-slam-node.hpp:9[m[K,
[6.907s]                  from [01m[K/home/hkim/development/tello_ros_ws/src/orbslam3_ros2/src/monocular/monocular-slam-node.cpp:1[m[K:
[6.907s] [01m[K/home/hkim/development/tello_ros_ws/src/ORB_SLAM3/include/../Thirdparty/g2o/g2o/types/../core/base_vertex.h:[m[K At global scope:
[6.907s] [01m[K/home/hkim/development/tello_ros_ws/src/ORB_SLAM3/include/../Thirdparty/g2o/g2o/types/../core/base_vertex.h:62:74:[m[K [01;35m[Kwarning: [m[K‘[01m[KEigen::AlignedBit[m[K’ is deprecated [[01;35m[K-Wdeprecated-declarations[m[K]
[6.908s]    62 | Eigen::Map<Matrix<double, D, D>, Matrix<double,D,D>::Flags & [01;35m[KAlignedBit[m[K ? Aligned : Unaligned >  HessianBlockType;
[6.908s]       |                                                              [01;35m[K^~~~~~~~~~[m[K
[6.909s] 
[6.909s] In file included from [01m[K/usr/include/eigen3/Eigen/Core:363[m[K,
[6.909s]                  from [01m[K/usr/include/eigen3/Eigen/LU:11[m[K,
[6.909s]                  from [01m[K/home/hkim/development/tello_ros_ws/src/ORB_SLAM3/include/../Thirdparty/Sophus/sophus/so2.hpp:12[m[K,
[6.909s]                  from [01m[K/home/hkim/development/tello_ros_ws/src/ORB_SLAM3/include/../Thirdparty/Sophus/sophus/se2.hpp:7[m[K,
[6.909s]                  from [01m[K/home/hkim/development/tello_ros_ws/src/ORB_SLAM3/include/../Thirdparty/Sophus/sophus/geometry.hpp:7[m[K,
[6.910s]                  from [01m[K/home/hkim/development/tello_ros_ws/src/ORB_SLAM3/include/Frame.h:28[m[K,
[6.910s]                  from [01m[K/home/hkim/development/tello_ros_ws/src/ORB_SLAM3/include/KeyFrame.h:28[m[K,
[6.910s]                  from [01m[K/home/hkim/development/tello_ros_ws/src/ORB_SLAM3/include/MapPoint.h:23[m[K,
[6.910s]                  from [01m[K/home/hkim/development/tello_ros_ws/src/ORB_SLAM3/include/FrameDrawer.h:24[m[K,
[6.910s]                  from [01m[K/home/hkim/development/tello_ros_ws/src/ORB_SLAM3/include/Viewer.h:23[m[K,
[6.910s]                  from [01m[K/home/hkim/development/tello_ros_ws/src/ORB_SLAM3/include/Tracking.h:26[m[K,
[6.911s]                  from [01m[K/home/hkim/development/tello_ros_ws/src/ORB_SLAM3/include/System.h:31[m[K,
[6.911s]                  from [01m[K/home/hkim/development/tello_ros_ws/src/orbslam3_ros2/src/monocular/monocular-slam-node.hpp:9[m[K,
[6.911s]                  from [01m[K/home/hkim/development/tello_ros_ws/src/orbslam3_ros2/src/monocular/monocular-slam-node.cpp:1[m[K:
[6.911s] [01m[K/usr/include/eigen3/Eigen/src/Core/util/Constants.h:162:37:[m[K [01;36m[Knote: [m[Kdeclared here
[6.911s]   162 | EIGEN_DEPRECATED const unsigned int [01;36m[KAlignedBit[m[K = 0x80;
[6.911s]       |                                     [01;36m[K^~~~~~~~~~[m[K
[6.937s] In file included from [01m[K/home/hkim/development/tello_ros_ws/src/ORB_SLAM3/include/../Thirdparty/g2o/g2o/types/types_six_dof_expmap.h:38[m[K,
[6.937s]                  from [01m[K/home/hkim/development/tello_ros_ws/src/ORB_SLAM3/include/Converter.h:26[m[K,
[6.937s]                  from [01m[K/home/hkim/development/tello_ros_ws/src/ORB_SLAM3/include/Frame.h:33[m[K,
[6.937s]                  from [01m[K/home/hkim/development/tello_ros_ws/src/ORB_SLAM3/include/KeyFrame.h:28[m[K,
[6.937s]                  from [01m[K/home/hkim/development/tello_ros_ws/src/ORB_SLAM3/include/MapPoint.h:23[m[K,
[6.937s]                  from [01m[K/home/hkim/development/tello_ros_ws/src/ORB_SLAM3/include/FrameDrawer.h:24[m[K,
[6.938s]                  from [01m[K/home/hkim/development/tello_ros_ws/src/ORB_SLAM3/include/Viewer.h:23[m[K,
[6.938s]                  from [01m[K/home/hkim/development/tello_ros_ws/src/ORB_SLAM3/include/Tracking.h:26[m[K,
[6.938s]                  from [01m[K/home/hkim/development/tello_ros_ws/src/ORB_SLAM3/include/System.h:31[m[K,
[6.938s]                  from [01m[K/home/hkim/development/tello_ros_ws/src/orbslam3_ros2/src/monocular/monocular-slam-node.hpp:9[m[K,
[6.938s]                  from [01m[K/home/hkim/development/tello_ros_ws/src/orbslam3_ros2/src/monocular/monocular-slam-node.cpp:1[m[K:
[6.938s] [01m[K/home/hkim/development/tello_ros_ws/src/ORB_SLAM3/include/../Thirdparty/g2o/g2o/types/../core/base_binary_edge.h:59:82:[m[K [01;35m[Kwarning: [m[K‘[01m[KEigen::AlignedBit[m[K’ is deprecated [[01;35m[K-Wdeprecated-declarations[m[K]
[6.938s]    59 | :Map<Matrix<double, Di, Dj>, Matrix<double, Di, Dj>::Flags & [01;35m[KAlignedBit[m[K ? Aligned : Unaligned > HessianBlockType;
[6.938s]       |                                                              [01;35m[K^~~~~~~~~~[m[K
[6.939s] 
[6.939s] In file included from [01m[K/usr/include/eigen3/Eigen/Core:363[m[K,
[6.939s]                  from [01m[K/usr/include/eigen3/Eigen/LU:11[m[K,
[6.939s]                  from [01m[K/home/hkim/development/tello_ros_ws/src/ORB_SLAM3/include/../Thirdparty/Sophus/sophus/so2.hpp:12[m[K,
[6.939s]                  from [01m[K/home/hkim/development/tello_ros_ws/src/ORB_SLAM3/include/../Thirdparty/Sophus/sophus/se2.hpp:7[m[K,
[6.940s]                  from [01m[K/home/hkim/development/tello_ros_ws/src/ORB_SLAM3/include/../Thirdparty/Sophus/sophus/geometry.hpp:7[m[K,
[6.940s]                  from [01m[K/home/hkim/development/tello_ros_ws/src/ORB_SLAM3/include/Frame.h:28[m[K,
[6.941s]                  from [01m[K/home/hkim/development/tello_ros_ws/src/ORB_SLAM3/include/KeyFrame.h:28[m[K,
[6.941s]                  from [01m[K/home/hkim/development/tello_ros_ws/src/ORB_SLAM3/include/MapPoint.h:23[m[K,
[6.942s]                  from [01m[K/home/hkim/development/tello_ros_ws/src/ORB_SLAM3/include/FrameDrawer.h:24[m[K,
[6.942s]                  from [01m[K/home/hkim/development/tello_ros_ws/src/ORB_SLAM3/include/Viewer.h:23[m[K,
[6.943s]                  from [01m[K/home/hkim/development/tello_ros_ws/src/ORB_SLAM3/include/Tracking.h:26[m[K,
[6.943s]                  from [01m[K/home/hkim/development/tello_ros_ws/src/ORB_SLAM3/include/System.h:31[m[K,
[6.943s]                  from [01m[K/home/hkim/development/tello_ros_ws/src/orbslam3_ros2/src/monocular/monocular-slam-node.hpp:9[m[K,
[6.943s]                  from [01m[K/home/hkim/development/tello_ros_ws/src/orbslam3_ros2/src/monocular/monocular-slam-node.cpp:1[m[K:
[6.943s] [01m[K/usr/include/eigen3/Eigen/src/Core/util/Constants.h:162:37:[m[K [01;36m[Knote: [m[Kdeclared here
[6.943s]   162 | EIGEN_DEPRECATED const unsigned int [01;36m[KAlignedBit[m[K = 0x80;
[6.943s]       |                                     [01;36m[K^~~~~~~~~~[m[K
[6.944s] In file included from [01m[K/home/hkim/development/tello_ros_ws/src/ORB_SLAM3/include/../Thirdparty/g2o/g2o/types/types_six_dof_expmap.h:38[m[K,
[6.944s]                  from [01m[K/home/hkim/development/tello_ros_ws/src/ORB_SLAM3/include/Converter.h:26[m[K,
[6.944s]                  from [01m[K/home/hkim/development/tello_ros_ws/src/ORB_SLAM3/include/Frame.h:33[m[K,
[6.944s]                  from [01m[K/home/hkim/development/tello_ros_ws/src/ORB_SLAM3/include/KeyFrame.h:28[m[K,
[6.944s]                  from [01m[K/home/hkim/development/tello_ros_ws/src/ORB_SLAM3/include/MapPoint.h:23[m[K,
[6.944s]                  from [01m[K/home/hkim/development/tello_ros_ws/src/ORB_SLAM3/include/FrameDrawer.h:24[m[K,
[6.944s]                  from [01m[K/home/hkim/development/tello_ros_ws/src/ORB_SLAM3/include/Viewer.h:23[m[K,
[6.944s]                  from [01m[K/home/hkim/development/tello_ros_ws/src/ORB_SLAM3/include/Tracking.h:26[m[K,
[6.945s]                  from [01m[K/home/hkim/development/tello_ros_ws/src/ORB_SLAM3/include/System.h:31[m[K,
[6.945s]                  from [01m[K/home/hkim/development/tello_ros_ws/src/orbslam3_ros2/src/monocular/monocular-slam-node.hpp:9[m[K,
[6.945s]                  from [01m[K/home/hkim/development/tello_ros_ws/src/orbslam3_ros2/src/monocular/monocular-slam-node.cpp:1[m[K:
[6.945s] [01m[K/home/hkim/development/tello_ros_ws/src/ORB_SLAM3/include/../Thirdparty/g2o/g2o/types/../core/base_binary_edge.h:60:82:[m[K [01;35m[Kwarning: [m[K‘[01m[KEigen::AlignedBit[m[K’ is deprecated [[01;35m[K-Wdeprecated-declarations[m[K]
[6.945s]    60 | :Map<Matrix<double, Dj, Di>, Matrix<double, Dj, Di>::Flags & [01;35m[KAlignedBit[m[K ? Aligned : Unaligned > HessianBlockTransposedType;
[6.945s]       |                                                              [01;35m[K^~~~~~~~~~[m[K
[6.945s] 
[6.945s] In file included from [01m[K/usr/include/eigen3/Eigen/Core:363[m[K,
[6.946s]                  from [01m[K/usr/include/eigen3/Eigen/LU:11[m[K,
[6.946s]                  from [01m[K/home/hkim/development/tello_ros_ws/src/ORB_SLAM3/include/../Thirdparty/Sophus/sophus/so2.hpp:12[m[K,
[6.946s]                  from [01m[K/home/hkim/development/tello_ros_ws/src/ORB_SLAM3/include/../Thirdparty/Sophus/sophus/se2.hpp:7[m[K,
[6.946s]                  from [01m[K/home/hkim/development/tello_ros_ws/src/ORB_SLAM3/include/../Thirdparty/Sophus/sophus/geometry.hpp:7[m[K,
[6.946s]                  from [01m[K/home/hkim/development/tello_ros_ws/src/ORB_SLAM3/include/Frame.h:28[m[K,
[6.946s]                  from [01m[K/home/hkim/development/tello_ros_ws/src/ORB_SLAM3/include/KeyFrame.h:28[m[K,
[6.946s]                  from [01m[K/home/hkim/development/tello_ros_ws/src/ORB_SLAM3/include/MapPoint.h:23[m[K,
[6.947s]                  from [01m[K/home/hkim/development/tello_ros_ws/src/ORB_SLAM3/include/FrameDrawer.h:24[m[K,
[6.947s]                  from [01m[K/home/hkim/development/tello_ros_ws/src/ORB_SLAM3/include/Viewer.h:23[m[K,
[6.947s]                  from [01m[K/home/hkim/development/tello_ros_ws/src/ORB_SLAM3/include/Tracking.h:26[m[K,
[6.947s]                  from [01m[K/home/hkim/development/tello_ros_ws/src/ORB_SLAM3/include/System.h:31[m[K,
[6.947s]                  from [01m[K/home/hkim/development/tello_ros_ws/src/orbslam3_ros2/src/monocular/monocular-slam-node.hpp:9[m[K,
[6.947s]                  from [01m[K/home/hkim/development/tello_ros_ws/src/orbslam3_ros2/src/monocular/monocular-slam-node.cpp:1[m[K:
[6.947s] [01m[K/usr/include/eigen3/Eigen/src/Core/util/Constants.h:162:37:[m[K [01;36m[Knote: [m[Kdeclared here
[6.947s]   162 | EIGEN_DEPRECATED const unsigned int [01;36m[KAlignedBit[m[K = 0x80;
[6.948s]       |                                     [01;36m[K^~~~~~~~~~[m[K
[6.983s] In file included from [01m[K/home/hkim/development/tello_ros_ws/src/ORB_SLAM3/include/../Thirdparty/g2o/g2o/types/types_six_dof_expmap.h:41[m[K,
[6.983s]                  from [01m[K/home/hkim/development/tello_ros_ws/src/ORB_SLAM3/include/Converter.h:26[m[K,
[6.984s]                  from [01m[K/home/hkim/development/tello_ros_ws/src/ORB_SLAM3/include/Frame.h:33[m[K,
[6.984s]                  from [01m[K/home/hkim/development/tello_ros_ws/src/ORB_SLAM3/include/KeyFrame.h:28[m[K,
[6.984s]                  from [01m[K/home/hkim/development/tello_ros_ws/src/ORB_SLAM3/include/MapPoint.h:23[m[K,
[6.984s]                  from [01m[K/home/hkim/development/tello_ros_ws/src/ORB_SLAM3/include/FrameDrawer.h:24[m[K,
[6.984s]                  from [01m[K/home/hkim/development/tello_ros_ws/src/ORB_SLAM3/include/Viewer.h:23[m[K,
[6.984s]                  from [01m[K/home/hkim/development/tello_ros_ws/src/ORB_SLAM3/include/Tracking.h:26[m[K,
[6.984s]                  from [01m[K/home/hkim/development/tello_ros_ws/src/ORB_SLAM3/include/System.h:31[m[K,
[6.984s]                  from [01m[K/home/hkim/development/tello_ros_ws/src/orbslam3_ros2/src/monocular/monocular-slam-node.hpp:9[m[K,
[6.985s]                  from [01m[K/home/hkim/development/tello_ros_ws/src/orbslam3_ros2/src/monocular/monocular-slam-node.cpp:1[m[K:
[6.985s] [01m[K/home/hkim/development/tello_ros_ws/src/ORB_SLAM3/include/../Thirdparty/g2o/g2o/types/se3quat.h:43:38:[m[K [01;35m[Kwarning: [m[Kextra ‘[01m[K;[m[K’ [[01;35m[K-Wpedantic[m[K]
[6.985s]    43 |       EIGEN_MAKE_ALIGNED_OPERATOR_NEW[01;35m[K;[m[K
[6.985s]       |                                      [01;35m[K^[m[K
[6.985s]       |                                      [31m[K-[m[K
[7.282s] In file included from [01m[K/home/hkim/development/tello_ros_ws/src/ORB_SLAM3/include/../Thirdparty/g2o/g2o/types/types_six_dof_expmap.h:37[m[K,
[7.282s]                  from [01m[K/home/hkim/development/tello_ros_ws/src/ORB_SLAM3/include/Converter.h:26[m[K,
[7.282s]                  from [01m[K/home/hkim/development/tello_ros_ws/src/ORB_SLAM3/include/Frame.h:33[m[K,
[7.283s]                  from [01m[K/home/hkim/development/tello_ros_ws/src/ORB_SLAM3/include/KeyFrame.h:28[m[K,
[7.283s]                  from [01m[K/home/hkim/development/tello_ros_ws/src/ORB_SLAM3/include/MapPoint.h:23[m[K,
[7.283s]                  from [01m[K/home/hkim/development/tello_ros_ws/src/ORB_SLAM3/include/FrameDrawer.h:24[m[K,
[7.283s]                  from [01m[K/home/hkim/development/tello_ros_ws/src/ORB_SLAM3/include/Viewer.h:23[m[K,
[7.283s]                  from [01m[K/home/hkim/development/tello_ros_ws/src/ORB_SLAM3/include/Tracking.h:26[m[K,
[7.283s]                  from [01m[K/home/hkim/development/tello_ros_ws/src/ORB_SLAM3/include/System.h:31[m[K,
[7.283s]                  from [01m[K/home/hkim/development/tello_ros_ws/src/orbslam3_ros2/src/monocular/monocular-slam-node.hpp:9[m[K,
[7.283s]                  from [01m[K/home/hkim/development/tello_ros_ws/src/orbslam3_ros2/src/monocular/monocular-slam-node.cpp:1[m[K:
[7.284s] /home/hkim/development/tello_ros_ws/src/ORB_SLAM3/include/../Thirdparty/g2o/g2o/types/../core/base_vertex.h: In instantiation of ‘[01m[Kclass g2o::BaseVertex<3, Eigen::Matrix<double, 3, 1> >[m[K’:
[7.284s] [01m[K/home/hkim/development/tello_ros_ws/src/ORB_SLAM3/include/../Thirdparty/g2o/g2o/types/types_sba.h:40:35:[m[K   required from here
[7.284s] [01m[K/home/hkim/development/tello_ros_ws/src/ORB_SLAM3/include/../Thirdparty/g2o/g2o/types/../core/base_vertex.h:62:72:[m[K [01;35m[Kwarning: [m[K‘[01m[KEigen::AlignedBit[m[K’ is deprecated [[01;35m[K-Wdeprecated-declarations[m[K]
[7.284s]    62 | f Eigen::Map<Matrix<double, D, D>, Matrix<double,D,D>::[01;35m[KFlags & AlignedBit[m[K ? Aligned : Unaligned >  HessianBlockType;
[7.284s]       |                                                        [01;35m[K~~~~~~^~~~~~~~~~~~[m[K
[7.284s] 
[7.284s] In file included from [01m[K/usr/include/eigen3/Eigen/Core:363[m[K,
[7.284s]                  from [01m[K/usr/include/eigen3/Eigen/LU:11[m[K,
[7.285s]                  from [01m[K/home/hkim/development/tello_ros_ws/src/ORB_SLAM3/include/../Thirdparty/Sophus/sophus/so2.hpp:12[m[K,
[7.285s]                  from [01m[K/home/hkim/development/tello_ros_ws/src/ORB_SLAM3/include/../Thirdparty/Sophus/sophus/se2.hpp:7[m[K,
[7.285s]                  from [01m[K/home/hkim/development/tello_ros_ws/src/ORB_SLAM3/include/../Thirdparty/Sophus/sophus/geometry.hpp:7[m[K,
[7.285s]                  from [01m[K/home/hkim/development/tello_ros_ws/src/ORB_SLAM3/include/Frame.h:28[m[K,
[7.285s]                  from [01m[K/home/hkim/development/tello_ros_ws/src/ORB_SLAM3/include/KeyFrame.h:28[m[K,
[7.285s]                  from [01m[K/home/hkim/development/tello_ros_ws/src/ORB_SLAM3/include/MapPoint.h:23[m[K,
[7.285s]                  from [01m[K/home/hkim/development/tello_ros_ws/src/ORB_SLAM3/include/FrameDrawer.h:24[m[K,
[7.285s]                  from [01m[K/home/hkim/development/tello_ros_ws/src/ORB_SLAM3/include/Viewer.h:23[m[K,
[7.285s]                  from [01m[K/home/hkim/development/tello_ros_ws/src/ORB_SLAM3/include/Tracking.h:26[m[K,
[7.286s]                  from [01m[K/home/hkim/development/tello_ros_ws/src/ORB_SLAM3/include/System.h:31[m[K,
[7.286s]                  from [01m[K/home/hkim/development/tello_ros_ws/src/orbslam3_ros2/src/monocular/monocular-slam-node.hpp:9[m[K,
[7.286s]                  from [01m[K/home/hkim/development/tello_ros_ws/src/orbslam3_ros2/src/monocular/monocular-slam-node.cpp:1[m[K:
[7.286s] [01m[K/usr/include/eigen3/Eigen/src/Core/util/Constants.h:162:37:[m[K [01;36m[Knote: [m[Kdeclared here
[7.286s]   162 | EIGEN_DEPRECATED const unsigned int [01;36m[KAlignedBit[m[K = 0x80;
[7.286s]       |                                     [01;36m[K^~~~~~~~~~[m[K
[7.312s] In file included from [01m[K/home/hkim/development/tello_ros_ws/src/ORB_SLAM3/include/../Thirdparty/g2o/g2o/types/types_six_dof_expmap.h:37[m[K,
[7.313s]                  from [01m[K/home/hkim/development/tello_ros_ws/src/ORB_SLAM3/include/Converter.h:26[m[K,
[7.313s]                  from [01m[K/home/hkim/development/tello_ros_ws/src/ORB_SLAM3/include/Frame.h:33[m[K,
[7.313s]                  from [01m[K/home/hkim/development/tello_ros_ws/src/ORB_SLAM3/include/KeyFrame.h:28[m[K,
[7.313s]                  from [01m[K/home/hkim/development/tello_ros_ws/src/ORB_SLAM3/include/MapPoint.h:23[m[K,
[7.313s]                  from [01m[K/home/hkim/development/tello_ros_ws/src/ORB_SLAM3/include/FrameDrawer.h:24[m[K,
[7.313s]                  from [01m[K/home/hkim/development/tello_ros_ws/src/ORB_SLAM3/include/Viewer.h:23[m[K,
[7.313s]                  from [01m[K/home/hkim/development/tello_ros_ws/src/ORB_SLAM3/include/Tracking.h:26[m[K,
[7.313s]                  from [01m[K/home/hkim/development/tello_ros_ws/src/ORB_SLAM3/include/System.h:31[m[K,
[7.313s]                  from [01m[K/home/hkim/development/tello_ros_ws/src/orbslam3_ros2/src/monocular/monocular-slam-node.hpp:9[m[K,
[7.314s]                  from [01m[K/home/hkim/development/tello_ros_ws/src/orbslam3_ros2/src/monocular/monocular-slam-node.cpp:1[m[K:
[7.314s] /home/hkim/development/tello_ros_ws/src/ORB_SLAM3/include/../Thirdparty/g2o/g2o/types/../core/base_vertex.h: In instantiation of ‘[01m[Kclass g2o::BaseVertex<6, g2o::SE3Quat>[m[K’:
[7.320s] [01m[K/home/hkim/development/tello_ros_ws/src/ORB_SLAM3/include/../Thirdparty/g2o/g2o/types/types_six_dof_expmap.h:59:33:[m[K   required from here
[7.321s] [01m[K/home/hkim/development/tello_ros_ws/src/ORB_SLAM3/include/../Thirdparty/g2o/g2o/types/../core/base_vertex.h:62:72:[m[K [01;35m[Kwarning: [m[K‘[01m[KEigen::AlignedBit[m[K’ is deprecated [[01;35m[K-Wdeprecated-declarations[m[K]
[7.321s]    62 | f Eigen::Map<Matrix<double, D, D>, Matrix<double,D,D>::[01;35m[KFlags & AlignedBit[m[K ? Aligned : Unaligned >  HessianBlockType;
[7.321s]       |                                                        [01;35m[K~~~~~~^~~~~~~~~~~~[m[K
[7.321s] 
[7.321s] In file included from [01m[K/usr/include/eigen3/Eigen/Core:363[m[K,
[7.321s]                  from [01m[K/usr/include/eigen3/Eigen/LU:11[m[K,
[7.321s]                  from [01m[K/home/hkim/development/tello_ros_ws/src/ORB_SLAM3/include/../Thirdparty/Sophus/sophus/so2.hpp:12[m[K,
[7.322s]                  from [01m[K/home/hkim/development/tello_ros_ws/src/ORB_SLAM3/include/../Thirdparty/Sophus/sophus/se2.hpp:7[m[K,
[7.322s]                  from [01m[K/home/hkim/development/tello_ros_ws/src/ORB_SLAM3/include/../Thirdparty/Sophus/sophus/geometry.hpp:7[m[K,
[7.322s]                  from [01m[K/home/hkim/development/tello_ros_ws/src/ORB_SLAM3/include/Frame.h:28[m[K,
[7.322s]                  from [01m[K/home/hkim/development/tello_ros_ws/src/ORB_SLAM3/include/KeyFrame.h:28[m[K,
[7.322s]                  from [01m[K/home/hkim/development/tello_ros_ws/src/ORB_SLAM3/include/MapPoint.h:23[m[K,
[7.322s]                  from [01m[K/home/hkim/development/tello_ros_ws/src/ORB_SLAM3/include/FrameDrawer.h:24[m[K,
[7.322s]                  from [01m[K/home/hkim/development/tello_ros_ws/src/ORB_SLAM3/include/Viewer.h:23[m[K,
[7.322s]                  from [01m[K/home/hkim/development/tello_ros_ws/src/ORB_SLAM3/include/Tracking.h:26[m[K,
[7.323s]                  from [01m[K/home/hkim/development/tello_ros_ws/src/ORB_SLAM3/include/System.h:31[m[K,
[7.323s]                  from [01m[K/home/hkim/development/tello_ros_ws/src/orbslam3_ros2/src/monocular/monocular-slam-node.hpp:9[m[K,
[7.323s]                  from [01m[K/home/hkim/development/tello_ros_ws/src/orbslam3_ros2/src/monocular/monocular-slam-node.cpp:1[m[K:
[7.323s] [01m[K/usr/include/eigen3/Eigen/src/Core/util/Constants.h:162:37:[m[K [01;36m[Knote: [m[Kdeclared here
[7.323s]   162 | EIGEN_DEPRECATED const unsigned int [01;36m[KAlignedBit[m[K = 0x80;
[7.323s]       |                                     [01;36m[K^~~~~~~~~~[m[K
[7.371s] In file included from [01m[K/home/hkim/development/tello_ros_ws/src/ORB_SLAM3/include/../Thirdparty/g2o/g2o/types/types_six_dof_expmap.h:38[m[K,
[7.371s]                  from [01m[K/home/hkim/development/tello_ros_ws/src/ORB_SLAM3/include/Converter.h:26[m[K,
[7.371s]                  from [01m[K/home/hkim/development/tello_ros_ws/src/ORB_SLAM3/include/Frame.h:33[m[K,
[7.371s]                  from [01m[K/home/hkim/development/tello_ros_ws/src/ORB_SLAM3/include/KeyFrame.h:28[m[K,
[7.372s]                  from [01m[K/home/hkim/development/tello_ros_ws/src/ORB_SLAM3/include/MapPoint.h:23[m[K,
[7.372s]                  from [01m[K/home/hkim/development/tello_ros_ws/src/ORB_SLAM3/include/FrameDrawer.h:24[m[K,
[7.372s]                  from [01m[K/home/hkim/development/tello_ros_ws/src/ORB_SLAM3/include/Viewer.h:23[m[K,
[7.372s]                  from [01m[K/home/hkim/development/tello_ros_ws/src/ORB_SLAM3/include/Tracking.h:26[m[K,
[7.372s]                  from [01m[K/home/hkim/development/tello_ros_ws/src/ORB_SLAM3/include/System.h:31[m[K,
[7.372s]                  from [01m[K/home/hkim/development/tello_ros_ws/src/orbslam3_ros2/src/monocular/monocular-slam-node.hpp:9[m[K,
[7.372s]                  from [01m[K/home/hkim/development/tello_ros_ws/src/orbslam3_ros2/src/monocular/monocular-slam-node.cpp:1[m[K:
[7.372s] /home/hkim/development/tello_ros_ws/src/ORB_SLAM3/include/../Thirdparty/g2o/g2o/types/../core/base_binary_edge.h: In instantiation of ‘[01m[Kclass g2o::BaseBinaryEdge<6, g2o::SE3Quat, g2o::VertexSE3Expmap, g2o::VertexSE3Expmap>[m[K’:
[7.373s] [01m[K/home/hkim/development/tello_ros_ws/src/ORB_SLAM3/include/../Thirdparty/g2o/g2o/types/types_six_dof_expmap.h:83:24:[m[K   required from here
[7.373s] [01m[K/home/hkim/development/tello_ros_ws/src/ORB_SLAM3/include/../Thirdparty/g2o/g2o/types/../core/base_binary_edge.h:59:80:[m[K [01;35m[Kwarning: [m[K‘[01m[KEigen::AlignedBit[m[K’ is deprecated [[01;35m[K-Wdeprecated-declarations[m[K]
[7.374s]    59 | n::Map<Matrix<double, Di, Dj>, Matrix<double, Di, Dj>::[01;35m[KFlags & AlignedBit[m[K ? Aligned : Unaligned > HessianBlockType;
[7.374s]       |                                                        [01;35m[K~~~~~~^~~~~~~~~~~~[m[K
[7.374s] 
[7.374s] In file included from [01m[K/usr/include/eigen3/Eigen/Core:363[m[K,
[7.375s]                  from [01m[K/usr/include/eigen3/Eigen/LU:11[m[K,
[7.375s]                  from [01m[K/home/hkim/development/tello_ros_ws/src/ORB_SLAM3/include/../Thirdparty/Sophus/sophus/so2.hpp:12[m[K,
[7.375s]                  from [01m[K/home/hkim/development/tello_ros_ws/src/ORB_SLAM3/include/../Thirdparty/Sophus/sophus/se2.hpp:7[m[K,
[7.375s]                  from [01m[K/home/hkim/development/tello_ros_ws/src/ORB_SLAM3/include/../Thirdparty/Sophus/sophus/geometry.hpp:7[m[K,
[7.376s]                  from [01m[K/home/hkim/development/tello_ros_ws/src/ORB_SLAM3/include/Frame.h:28[m[K,
[7.376s]                  from [01m[K/home/hkim/development/tello_ros_ws/src/ORB_SLAM3/include/KeyFrame.h:28[m[K,
[7.376s]                  from [01m[K/home/hkim/development/tello_ros_ws/src/ORB_SLAM3/include/MapPoint.h:23[m[K,
[7.376s]                  from [01m[K/home/hkim/development/tello_ros_ws/src/ORB_SLAM3/include/FrameDrawer.h:24[m[K,
[7.376s]                  from [01m[K/home/hkim/development/tello_ros_ws/src/ORB_SLAM3/include/Viewer.h:23[m[K,
[7.377s]                  from [01m[K/home/hkim/development/tello_ros_ws/src/ORB_SLAM3/include/Tracking.h:26[m[K,
[7.381s]                  from [01m[K/home/hkim/development/tello_ros_ws/src/ORB_SLAM3/include/System.h:31[m[K,
[7.381s]                  from [01m[K/home/hkim/development/tello_ros_ws/src/orbslam3_ros2/src/monocular/monocular-slam-node.hpp:9[m[K,
[7.382s]                  from [01m[K/home/hkim/development/tello_ros_ws/src/orbslam3_ros2/src/monocular/monocular-slam-node.cpp:1[m[K:
[7.382s] [01m[K/usr/include/eigen3/Eigen/src/Core/util/Constants.h:162:37:[m[K [01;36m[Knote: [m[Kdeclared here
[7.382s]   162 | EIGEN_DEPRECATED const unsigned int [01;36m[KAlignedBit[m[K = 0x80;
[7.382s]       |                                     [01;36m[K^~~~~~~~~~[m[K
[7.382s] In file included from [01m[K/home/hkim/development/tello_ros_ws/src/ORB_SLAM3/include/../Thirdparty/g2o/g2o/types/types_six_dof_expmap.h:38[m[K,
[7.382s]                  from [01m[K/home/hkim/development/tello_ros_ws/src/ORB_SLAM3/include/Converter.h:26[m[K,
[7.383s]                  from [01m[K/home/hkim/development/tello_ros_ws/src/ORB_SLAM3/include/Frame.h:33[m[K,
[7.383s]                  from [01m[K/home/hkim/development/tello_ros_ws/src/ORB_SLAM3/include/KeyFrame.h:28[m[K,
[7.383s]                  from [01m[K/home/hkim/development/tello_ros_ws/src/ORB_SLAM3/include/MapPoint.h:23[m[K,
[7.383s]                  from [01m[K/home/hkim/development/tello_ros_ws/src/ORB_SLAM3/include/FrameDrawer.h:24[m[K,
[7.383s]                  from [01m[K/home/hkim/development/tello_ros_ws/src/ORB_SLAM3/include/Viewer.h:23[m[K,
[7.383s]                  from [01m[K/home/hkim/development/tello_ros_ws/src/ORB_SLAM3/include/Tracking.h:26[m[K,
[7.383s]                  from [01m[K/home/hkim/development/tello_ros_ws/src/ORB_SLAM3/include/System.h:31[m[K,
[7.383s]                  from [01m[K/home/hkim/development/tello_ros_ws/src/orbslam3_ros2/src/monocular/monocular-slam-node.hpp:9[m[K,
[7.384s]                  from [01m[K/home/hkim/development/tello_ros_ws/src/orbslam3_ros2/src/monocular/monocular-slam-node.cpp:1[m[K:
[7.384s] [01m[K/home/hkim/development/tello_ros_ws/src/ORB_SLAM3/include/../Thirdparty/g2o/g2o/types/../core/base_binary_edge.h:60:80:[m[K [01;35m[Kwarning: [m[K‘[01m[KEigen::AlignedBit[m[K’ is deprecated [[01;35m[K-Wdeprecated-declarations[m[K]
[7.384s]    60 | n::Map<Matrix<double, Dj, Di>, Matrix<double, Dj, Di>::[01;35m[KFlags & AlignedBit[m[K ? Aligned : Unaligned > HessianBlockTransposedType;
[7.384s]       |                                                        [01;35m[K~~~~~~^~~~~~~~~~~~[m[K
[7.384s] 
[7.384s] In file included from [01m[K/usr/include/eigen3/Eigen/Core:363[m[K,
[7.384s]                  from [01m[K/usr/include/eigen3/Eigen/LU:11[m[K,
[7.384s]                  from [01m[K/home/hkim/development/tello_ros_ws/src/ORB_SLAM3/include/../Thirdparty/Sophus/sophus/so2.hpp:12[m[K,
[7.385s]                  from [01m[K/home/hkim/development/tello_ros_ws/src/ORB_SLAM3/include/../Thirdparty/Sophus/sophus/se2.hpp:7[m[K,
[7.385s]                  from [01m[K/home/hkim/development/tello_ros_ws/src/ORB_SLAM3/include/../Thirdparty/Sophus/sophus/geometry.hpp:7[m[K,
[7.385s]                  from [01m[K/home/hkim/development/tello_ros_ws/src/ORB_SLAM3/include/Frame.h:28[m[K,
[7.385s]                  from [01m[K/home/hkim/development/tello_ros_ws/src/ORB_SLAM3/include/KeyFrame.h:28[m[K,
[7.385s]                  from [01m[K/home/hkim/development/tello_ros_ws/src/ORB_SLAM3/include/MapPoint.h:23[m[K,
[7.385s]                  from [01m[K/home/hkim/development/tello_ros_ws/src/ORB_SLAM3/include/FrameDrawer.h:24[m[K,
[7.385s]                  from [01m[K/home/hkim/development/tello_ros_ws/src/ORB_SLAM3/include/Viewer.h:23[m[K,
[7.385s]                  from [01m[K/home/hkim/development/tello_ros_ws/src/ORB_SLAM3/include/Tracking.h:26[m[K,
[7.386s]                  from [01m[K/home/hkim/development/tello_ros_ws/src/ORB_SLAM3/include/System.h:31[m[K,
[7.386s]                  from [01m[K/home/hkim/development/tello_ros_ws/src/orbslam3_ros2/src/monocular/monocular-slam-node.hpp:9[m[K,
[7.386s]                  from [01m[K/home/hkim/development/tello_ros_ws/src/orbslam3_ros2/src/monocular/monocular-slam-node.cpp:1[m[K:
[7.386s] [01m[K/usr/include/eigen3/Eigen/src/Core/util/Constants.h:162:37:[m[K [01;36m[Knote: [m[Kdeclared here
[7.386s]   162 | EIGEN_DEPRECATED const unsigned int [01;36m[KAlignedBit[m[K = 0x80;
[7.386s]       |                                     [01;36m[K^~~~~~~~~~[m[K
[7.475s] In file included from [01m[K/home/hkim/development/tello_ros_ws/src/ORB_SLAM3/include/../Thirdparty/g2o/g2o/types/types_six_dof_expmap.h:38[m[K,
[7.475s]                  from [01m[K/home/hkim/development/tello_ros_ws/src/ORB_SLAM3/include/Converter.h:26[m[K,
[7.476s]                  from [01m[K/home/hkim/development/tello_ros_ws/src/ORB_SLAM3/include/Frame.h:33[m[K,
[7.476s]                  from [01m[K/home/hkim/development/tello_ros_ws/src/ORB_SLAM3/include/KeyFrame.h:28[m[K,
[7.476s]                  from [01m[K/home/hkim/development/tello_ros_ws/src/ORB_SLAM3/include/MapPoint.h:23[m[K,
[7.476s]                  from [01m[K/home/hkim/development/tello_ros_ws/src/ORB_SLAM3/include/FrameDrawer.h:24[m[K,
[7.476s]                  from [01m[K/home/hkim/development/tello_ros_ws/src/ORB_SLAM3/include/Viewer.h:23[m[K,
[7.477s]                  from [01m[K/home/hkim/development/tello_ros_ws/src/ORB_SLAM3/include/Tracking.h:26[m[K,
[7.477s]                  from [01m[K/home/hkim/development/tello_ros_ws/src/ORB_SLAM3/include/System.h:31[m[K,
[7.477s]                  from [01m[K/home/hkim/development/tello_ros_ws/src/orbslam3_ros2/src/monocular/monocular-slam-node.hpp:9[m[K,
[7.477s]                  from [01m[K/home/hkim/development/tello_ros_ws/src/orbslam3_ros2/src/monocular/monocular-slam-node.cpp:1[m[K:
[7.477s] /home/hkim/development/tello_ros_ws/src/ORB_SLAM3/include/../Thirdparty/g2o/g2o/types/../core/base_binary_edge.h: In instantiation of ‘[01m[Kclass g2o::BaseBinaryEdge<2, Eigen::Matrix<double, 2, 1>, g2o::VertexSBAPointXYZ, g2o::VertexSE3Expmap>[m[K’:
[7.477s] [01m[K/home/hkim/development/tello_ros_ws/src/ORB_SLAM3/include/../Thirdparty/g2o/g2o/types/types_six_dof_expmap.h:114:35:[m[K   required from here
[7.478s] [01m[K/home/hkim/development/tello_ros_ws/src/ORB_SLAM3/include/../Thirdparty/g2o/g2o/types/../core/base_binary_edge.h:59:80:[m[K [01;35m[Kwarning: [m[K‘[01m[KEigen::AlignedBit[m[K’ is deprecated [[01;35m[K-Wdeprecated-declarations[m[K]
[7.478s]    59 | n::Map<Matrix<double, Di, Dj>, Matrix<double, Di, Dj>::[01;35m[KFlags & AlignedBit[m[K ? Aligned : Unaligned > HessianBlockType;
[7.478s]       |                                                        [01;35m[K~~~~~~^~~~~~~~~~~~[m[K
[7.478s] 
[7.478s] In file included from [01m[K/usr/include/eigen3/Eigen/Core:363[m[K,
[7.478s]                  from [01m[K/usr/include/eigen3/Eigen/LU:11[m[K,
[7.478s]                  from [01m[K/home/hkim/development/tello_ros_ws/src/ORB_SLAM3/include/../Thirdparty/Sophus/sophus/so2.hpp:12[m[K,
[7.478s]                  from [01m[K/home/hkim/development/tello_ros_ws/src/ORB_SLAM3/include/../Thirdparty/Sophus/sophus/se2.hpp:7[m[K,
[7.479s]                  from [01m[K/home/hkim/development/tello_ros_ws/src/ORB_SLAM3/include/../Thirdparty/Sophus/sophus/geometry.hpp:7[m[K,
[7.479s]                  from [01m[K/home/hkim/development/tello_ros_ws/src/ORB_SLAM3/include/Frame.h:28[m[K,
[7.479s]                  from [01m[K/home/hkim/development/tello_ros_ws/src/ORB_SLAM3/include/KeyFrame.h:28[m[K,
[7.479s]                  from [01m[K/home/hkim/development/tello_ros_ws/src/ORB_SLAM3/include/MapPoint.h:23[m[K,
[7.479s]                  from [01m[K/home/hkim/development/tello_ros_ws/src/ORB_SLAM3/include/FrameDrawer.h:24[m[K,
[7.479s]                  from [01m[K/home/hkim/development/tello_ros_ws/src/ORB_SLAM3/include/Viewer.h:23[m[K,
[7.479s]                  from [01m[K/home/hkim/development/tello_ros_ws/src/ORB_SLAM3/include/Tracking.h:26[m[K,
[7.479s]                  from [01m[K/home/hkim/development/tello_ros_ws/src/ORB_SLAM3/include/System.h:31[m[K,
[7.479s]                  from [01m[K/home/hkim/development/tello_ros_ws/src/orbslam3_ros2/src/monocular/monocular-slam-node.hpp:9[m[K,
[7.480s]                  from [01m[K/home/hkim/development/tello_ros_ws/src/orbslam3_ros2/src/monocular/monocular-slam-node.cpp:1[m[K:
[7.481s] [01m[K/usr/include/eigen3/Eigen/src/Core/util/Constants.h:162:37:[m[K [01;36m[Knote: [m[Kdeclared here
[7.482s]   162 | EIGEN_DEPRECATED const unsigned int [01;36m[KAlignedBit[m[K = 0x80;
[7.482s]       |                                     [01;36m[K^~~~~~~~~~[m[K
[7.496s] In file included from [01m[K/home/hkim/development/tello_ros_ws/src/ORB_SLAM3/include/../Thirdparty/g2o/g2o/types/types_six_dof_expmap.h:38[m[K,
[7.496s]                  from [01m[K/home/hkim/development/tello_ros_ws/src/ORB_SLAM3/include/Converter.h:26[m[K,
[7.496s]                  from [01m[K/home/hkim/development/tello_ros_ws/src/ORB_SLAM3/include/Frame.h:33[m[K,
[7.497s]                  from [01m[K/home/hkim/development/tello_ros_ws/src/ORB_SLAM3/include/KeyFrame.h:28[m[K,
[7.497s]                  from [01m[K/home/hkim/development/tello_ros_ws/src/ORB_SLAM3/include/MapPoint.h:23[m[K,
[7.497s]                  from [01m[K/home/hkim/development/tello_ros_ws/src/ORB_SLAM3/include/FrameDrawer.h:24[m[K,
[7.497s]                  from [01m[K/home/hkim/development/tello_ros_ws/src/ORB_SLAM3/include/Viewer.h:23[m[K,
[7.497s]                  from [01m[K/home/hkim/development/tello_ros_ws/src/ORB_SLAM3/include/Tracking.h:26[m[K,
[7.497s]                  from [01m[K/home/hkim/development/tello_ros_ws/src/ORB_SLAM3/include/System.h:31[m[K,
[7.497s]                  from [01m[K/home/hkim/development/tello_ros_ws/src/orbslam3_ros2/src/monocular/monocular-slam-node.hpp:9[m[K,
[7.497s]                  from [01m[K/home/hkim/development/tello_ros_ws/src/orbslam3_ros2/src/monocular/monocular-slam-node.cpp:1[m[K:
[7.497s] [01m[K/home/hkim/development/tello_ros_ws/src/ORB_SLAM3/include/../Thirdparty/g2o/g2o/types/../core/base_binary_edge.h:60:80:[m[K [01;35m[Kwarning: [m[K‘[01m[KEigen::AlignedBit[m[K’ is deprecated [[01;35m[K-Wdeprecated-declarations[m[K]
[7.498s]    60 | n::Map<Matrix<double, Dj, Di>, Matrix<double, Dj, Di>::[01;35m[KFlags & AlignedBit[m[K ? Aligned : Unaligned > HessianBlockTransposedType;
[7.498s]       |                                                        [01;35m[K~~~~~~^~~~~~~~~~~~[m[K
[7.498s] 
[7.498s] In file included from [01m[K/usr/include/eigen3/Eigen/Core:363[m[K,
[7.498s]                  from [01m[K/usr/include/eigen3/Eigen/LU:11[m[K,
[7.499s]                  from [01m[K/home/hkim/development/tello_ros_ws/src/ORB_SLAM3/include/../Thirdparty/Sophus/sophus/so2.hpp:12[m[K,
[7.499s]                  from [01m[K/home/hkim/development/tello_ros_ws/src/ORB_SLAM3/include/../Thirdparty/Sophus/sophus/se2.hpp:7[m[K,
[7.499s]                  from [01m[K/home/hkim/development/tello_ros_ws/src/ORB_SLAM3/include/../Thirdparty/Sophus/sophus/geometry.hpp:7[m[K,
[7.499s]                  from [01m[K/home/hkim/development/tello_ros_ws/src/ORB_SLAM3/include/Frame.h:28[m[K,
[7.499s]                  from [01m[K/home/hkim/development/tello_ros_ws/src/ORB_SLAM3/include/KeyFrame.h:28[m[K,
[7.499s]                  from [01m[K/home/hkim/development/tello_ros_ws/src/ORB_SLAM3/include/MapPoint.h:23[m[K,
[7.500s]                  from [01m[K/home/hkim/development/tello_ros_ws/src/ORB_SLAM3/include/FrameDrawer.h:24[m[K,
[7.500s]                  from [01m[K/home/hkim/development/tello_ros_ws/src/ORB_SLAM3/include/Viewer.h:23[m[K,
[7.500s]                  from [01m[K/home/hkim/development/tello_ros_ws/src/ORB_SLAM3/include/Tracking.h:26[m[K,
[7.500s]                  from [01m[K/home/hkim/development/tello_ros_ws/src/ORB_SLAM3/include/System.h:31[m[K,
[7.500s]                  from [01m[K/home/hkim/development/tello_ros_ws/src/orbslam3_ros2/src/monocular/monocular-slam-node.hpp:9[m[K,
[7.500s]                  from [01m[K/home/hkim/development/tello_ros_ws/src/orbslam3_ros2/src/monocular/monocular-slam-node.cpp:1[m[K:
[7.500s] [01m[K/usr/include/eigen3/Eigen/src/Core/util/Constants.h:162:37:[m[K [01;36m[Knote: [m[Kdeclared here
[7.500s]   162 | EIGEN_DEPRECATED const unsigned int [01;36m[KAlignedBit[m[K = 0x80;
[7.501s]       |                                     [01;36m[K^~~~~~~~~~[m[K
[7.563s] In file included from [01m[K/home/hkim/development/tello_ros_ws/src/ORB_SLAM3/include/../Thirdparty/g2o/g2o/types/types_six_dof_expmap.h:38[m[K,
[7.563s]                  from [01m[K/home/hkim/development/tello_ros_ws/src/ORB_SLAM3/include/Converter.h:26[m[K,
[7.563s]                  from [01m[K/home/hkim/development/tello_ros_ws/src/ORB_SLAM3/include/Frame.h:33[m[K,
[7.563s]                  from [01m[K/home/hkim/development/tello_ros_ws/src/ORB_SLAM3/include/KeyFrame.h:28[m[K,
[7.563s]                  from [01m[K/home/hkim/development/tello_ros_ws/src/ORB_SLAM3/include/MapPoint.h:23[m[K,
[7.563s]                  from [01m[K/home/hkim/development/tello_ros_ws/src/ORB_SLAM3/include/FrameDrawer.h:24[m[K,
[7.563s]                  from [01m[K/home/hkim/development/tello_ros_ws/src/ORB_SLAM3/include/Viewer.h:23[m[K,
[7.564s]                  from [01m[K/home/hkim/development/tello_ros_ws/src/ORB_SLAM3/include/Tracking.h:26[m[K,
[7.564s]                  from [01m[K/home/hkim/development/tello_ros_ws/src/ORB_SLAM3/include/System.h:31[m[K,
[7.564s]                  from [01m[K/home/hkim/development/tello_ros_ws/src/orbslam3_ros2/src/monocular/monocular-slam-node.hpp:9[m[K,
[7.564s]                  from [01m[K/home/hkim/development/tello_ros_ws/src/orbslam3_ros2/src/monocular/monocular-slam-node.cpp:1[m[K:
[7.564s] /home/hkim/development/tello_ros_ws/src/ORB_SLAM3/include/../Thirdparty/g2o/g2o/types/../core/base_binary_edge.h: In instantiation of ‘[01m[Kclass g2o::BaseBinaryEdge<3, Eigen::Matrix<double, 3, 1>, g2o::VertexSBAPointXYZ, g2o::VertexSE3Expmap>[m[K’:
[7.564s] [01m[K/home/hkim/development/tello_ros_ws/src/ORB_SLAM3/include/../Thirdparty/g2o/g2o/types/types_six_dof_expmap.h:146:41:[m[K   required from here
[7.564s] [01m[K/home/hkim/development/tello_ros_ws/src/ORB_SLAM3/include/../Thirdparty/g2o/g2o/types/../core/base_binary_edge.h:59:80:[m[K [01;35m[Kwarning: [m[K‘[01m[KEigen::AlignedBit[m[K’ is deprecated [[01;35m[K-Wdeprecated-declarations[m[K]
[7.564s]    59 | n::Map<Matrix<double, Di, Dj>, Matrix<double, Di, Dj>::[01;35m[KFlags & AlignedBit[m[K ? Aligned : Unaligned > HessianBlockType;
[7.564s]       |                                                        [01;35m[K~~~~~~^~~~~~~~~~~~[m[K
[7.564s] 
[7.565s] In file included from [01m[K/usr/include/eigen3/Eigen/Core:363[m[K,
[7.565s]                  from [01m[K/usr/include/eigen3/Eigen/LU:11[m[K,
[7.565s]                  from [01m[K/home/hkim/development/tello_ros_ws/src/ORB_SLAM3/include/../Thirdparty/Sophus/sophus/so2.hpp:12[m[K,
[7.565s]                  from [01m[K/home/hkim/development/tello_ros_ws/src/ORB_SLAM3/include/../Thirdparty/Sophus/sophus/se2.hpp:7[m[K,
[7.565s]                  from [01m[K/home/hkim/development/tello_ros_ws/src/ORB_SLAM3/include/../Thirdparty/Sophus/sophus/geometry.hpp:7[m[K,
[7.565s]                  from [01m[K/home/hkim/development/tello_ros_ws/src/ORB_SLAM3/include/Frame.h:28[m[K,
[7.565s]                  from [01m[K/home/hkim/development/tello_ros_ws/src/ORB_SLAM3/include/KeyFrame.h:28[m[K,
[7.565s]                  from [01m[K/home/hkim/development/tello_ros_ws/src/ORB_SLAM3/include/MapPoint.h:23[m[K,
[7.565s]                  from [01m[K/home/hkim/development/tello_ros_ws/src/ORB_SLAM3/include/FrameDrawer.h:24[m[K,
[7.565s]                  from [01m[K/home/hkim/development/tello_ros_ws/src/ORB_SLAM3/include/Viewer.h:23[m[K,
[7.566s]                  from [01m[K/home/hkim/development/tello_ros_ws/src/ORB_SLAM3/include/Tracking.h:26[m[K,
[7.566s]                  from [01m[K/home/hkim/development/tello_ros_ws/src/ORB_SLAM3/include/System.h:31[m[K,
[7.566s]                  from [01m[K/home/hkim/development/tello_ros_ws/src/orbslam3_ros2/src/monocular/monocular-slam-node.hpp:9[m[K,
[7.566s]                  from [01m[K/home/hkim/development/tello_ros_ws/src/orbslam3_ros2/src/monocular/monocular-slam-node.cpp:1[m[K:
[7.566s] [01m[K/usr/include/eigen3/Eigen/src/Core/util/Constants.h:162:37:[m[K [01;36m[Knote: [m[Kdeclared here
[7.566s]   162 | EIGEN_DEPRECATED const unsigned int [01;36m[KAlignedBit[m[K = 0x80;
[7.566s]       |                                     [01;36m[K^~~~~~~~~~[m[K
[7.567s] In file included from [01m[K/home/hkim/development/tello_ros_ws/src/ORB_SLAM3/include/../Thirdparty/g2o/g2o/types/types_six_dof_expmap.h:38[m[K,
[7.567s]                  from [01m[K/home/hkim/development/tello_ros_ws/src/ORB_SLAM3/include/Converter.h:26[m[K,
[7.567s]                  from [01m[K/home/hkim/development/tello_ros_ws/src/ORB_SLAM3/include/Frame.h:33[m[K,
[7.567s]                  from [01m[K/home/hkim/development/tello_ros_ws/src/ORB_SLAM3/include/KeyFrame.h:28[m[K,
[7.567s]                  from [01m[K/home/hkim/development/tello_ros_ws/src/ORB_SLAM3/include/MapPoint.h:23[m[K,
[7.567s]                  from [01m[K/home/hkim/development/tello_ros_ws/src/ORB_SLAM3/include/FrameDrawer.h:24[m[K,
[7.567s]                  from [01m[K/home/hkim/development/tello_ros_ws/src/ORB_SLAM3/include/Viewer.h:23[m[K,
[7.567s]                  from [01m[K/home/hkim/development/tello_ros_ws/src/ORB_SLAM3/include/Tracking.h:26[m[K,
[7.567s]                  from [01m[K/home/hkim/development/tello_ros_ws/src/ORB_SLAM3/include/System.h:31[m[K,
[7.567s]                  from [01m[K/home/hkim/development/tello_ros_ws/src/orbslam3_ros2/src/monocular/monocular-slam-node.hpp:9[m[K,
[7.568s]                  from [01m[K/home/hkim/development/tello_ros_ws/src/orbslam3_ros2/src/monocular/monocular-slam-node.cpp:1[m[K:
[7.568s] [01m[K/home/hkim/development/tello_ros_ws/src/ORB_SLAM3/include/../Thirdparty/g2o/g2o/types/../core/base_binary_edge.h:60:80:[m[K [01;35m[Kwarning: [m[K‘[01m[KEigen::AlignedBit[m[K’ is deprecated [[01;35m[K-Wdeprecated-declarations[m[K]
[7.568s]    60 | n::Map<Matrix<double, Dj, Di>, Matrix<double, Dj, Di>::[01;35m[KFlags & AlignedBit[m[K ? Aligned : Unaligned > HessianBlockTransposedType;
[7.568s]       |                                                        [01;35m[K~~~~~~^~~~~~~~~~~~[m[K
[7.568s] 
[7.568s] In file included from [01m[K/usr/include/eigen3/Eigen/Core:363[m[K,
[7.568s]                  from [01m[K/usr/include/eigen3/Eigen/LU:11[m[K,
[7.568s]                  from [01m[K/home/hkim/development/tello_ros_ws/src/ORB_SLAM3/include/../Thirdparty/Sophus/sophus/so2.hpp:12[m[K,
[7.568s]                  from [01m[K/home/hkim/development/tello_ros_ws/src/ORB_SLAM3/include/../Thirdparty/Sophus/sophus/se2.hpp:7[m[K,
[7.568s]                  from [01m[K/home/hkim/development/tello_ros_ws/src/ORB_SLAM3/include/../Thirdparty/Sophus/sophus/geometry.hpp:7[m[K,
[7.569s]                  from [01m[K/home/hkim/development/tello_ros_ws/src/ORB_SLAM3/include/Frame.h:28[m[K,
[7.569s]                  from [01m[K/home/hkim/development/tello_ros_ws/src/ORB_SLAM3/include/KeyFrame.h:28[m[K,
[7.569s]                  from [01m[K/home/hkim/development/tello_ros_ws/src/ORB_SLAM3/include/MapPoint.h:23[m[K,
[7.569s]                  from [01m[K/home/hkim/development/tello_ros_ws/src/ORB_SLAM3/include/FrameDrawer.h:24[m[K,
[7.569s]                  from [01m[K/home/hkim/development/tello_ros_ws/src/ORB_SLAM3/include/Viewer.h:23[m[K,
[7.569s]                  from [01m[K/home/hkim/development/tello_ros_ws/src/ORB_SLAM3/include/Tracking.h:26[m[K,
[7.569s]                  from [01m[K/home/hkim/development/tello_ros_ws/src/ORB_SLAM3/include/System.h:31[m[K,
[7.569s]                  from [01m[K/home/hkim/development/tello_ros_ws/src/orbslam3_ros2/src/monocular/monocular-slam-node.hpp:9[m[K,
[7.569s]                  from [01m[K/home/hkim/development/tello_ros_ws/src/orbslam3_ros2/src/monocular/monocular-slam-node.cpp:1[m[K:
[7.569s] [01m[K/usr/include/eigen3/Eigen/src/Core/util/Constants.h:162:37:[m[K [01;36m[Knote: [m[Kdeclared here
[7.570s]   162 | EIGEN_DEPRECATED const unsigned int [01;36m[KAlignedBit[m[K = 0x80;
[7.570s]       |                                     [01;36m[K^~~~~~~~~~[m[K
[7.874s] In file included from [01m[K/home/hkim/development/tello_ros_ws/src/ORB_SLAM3/include/../Thirdparty/g2o/g2o/types/types_six_dof_expmap.h:37[m[K,
[7.874s]                  from [01m[K/home/hkim/development/tello_ros_ws/src/ORB_SLAM3/include/Converter.h:26[m[K,
[7.874s]                  from [01m[K/home/hkim/development/tello_ros_ws/src/ORB_SLAM3/include/Frame.h:33[m[K,
[7.874s]                  from [01m[K/home/hkim/development/tello_ros_ws/src/ORB_SLAM3/include/KeyFrame.h:28[m[K,
[7.874s]                  from [01m[K/home/hkim/development/tello_ros_ws/src/ORB_SLAM3/include/MapPoint.h:23[m[K,
[7.875s]                  from [01m[K/home/hkim/development/tello_ros_ws/src/ORB_SLAM3/include/FrameDrawer.h:24[m[K,
[7.875s]                  from [01m[K/home/hkim/development/tello_ros_ws/src/ORB_SLAM3/include/Viewer.h:23[m[K,
[7.875s]                  from [01m[K/home/hkim/development/tello_ros_ws/src/ORB_SLAM3/include/Tracking.h:26[m[K,
[7.875s]                  from [01m[K/home/hkim/development/tello_ros_ws/src/ORB_SLAM3/include/System.h:31[m[K,
[7.875s]                  from [01m[K/home/hkim/development/tello_ros_ws/src/orbslam3_ros2/src/monocular/monocular-slam-node.hpp:9[m[K,
[7.875s]                  from [01m[K/home/hkim/development/tello_ros_ws/src/orbslam3_ros2/src/monocular/monocular-slam-node.cpp:1[m[K:
[7.876s] /home/hkim/development/tello_ros_ws/src/ORB_SLAM3/include/../Thirdparty/g2o/g2o/types/../core/base_vertex.h: In instantiation of ‘[01m[Kclass g2o::BaseVertex<7, g2o::Sim3>[m[K’:
[7.876s] [01m[K/home/hkim/development/tello_ros_ws/src/ORB_SLAM3/include/../Thirdparty/g2o/g2o/types/types_seven_dof_expmap.h:48:35:[m[K   required from here
[7.876s] [01m[K/home/hkim/development/tello_ros_ws/src/ORB_SLAM3/include/../Thirdparty/g2o/g2o/types/../core/base_vertex.h:62:72:[m[K [01;35m[Kwarning: [m[K‘[01m[KEigen::AlignedBit[m[K’ is deprecated [[01;35m[K-Wdeprecated-declarations[m[K]
[7.876s]    62 | f Eigen::Map<Matrix<double, D, D>, Matrix<double,D,D>::[01;35m[KFlags & AlignedBit[m[K ? Aligned : Unaligned >  HessianBlockType;
[7.877s]       |                                                        [01;35m[K~~~~~~^~~~~~~~~~~~[m[K
[7.877s] 
[7.877s] In file included from [01m[K/usr/include/eigen3/Eigen/Core:363[m[K,
[7.877s]                  from [01m[K/usr/include/eigen3/Eigen/LU:11[m[K,
[7.877s]                  from [01m[K/home/hkim/development/tello_ros_ws/src/ORB_SLAM3/include/../Thirdparty/Sophus/sophus/so2.hpp:12[m[K,
[7.877s]                  from [01m[K/home/hkim/development/tello_ros_ws/src/ORB_SLAM3/include/../Thirdparty/Sophus/sophus/se2.hpp:7[m[K,
[7.877s]                  from [01m[K/home/hkim/development/tello_ros_ws/src/ORB_SLAM3/include/../Thirdparty/Sophus/sophus/geometry.hpp:7[m[K,
[7.877s]                  from [01m[K/home/hkim/development/tello_ros_ws/src/ORB_SLAM3/include/Frame.h:28[m[K,
[7.878s]                  from [01m[K/home/hkim/development/tello_ros_ws/src/ORB_SLAM3/include/KeyFrame.h:28[m[K,
[7.878s]                  from [01m[K/home/hkim/development/tello_ros_ws/src/ORB_SLAM3/include/MapPoint.h:23[m[K,
[7.878s]                  from [01m[K/home/hkim/development/tello_ros_ws/src/ORB_SLAM3/include/FrameDrawer.h:24[m[K,
[7.878s]                  from [01m[K/home/hkim/development/tello_ros_ws/src/ORB_SLAM3/include/Viewer.h:23[m[K,
[7.878s]                  from [01m[K/home/hkim/development/tello_ros_ws/src/ORB_SLAM3/include/Tracking.h:26[m[K,
[7.878s]                  from [01m[K/home/hkim/development/tello_ros_ws/src/ORB_SLAM3/include/System.h:31[m[K,
[7.878s]                  from [01m[K/home/hkim/development/tello_ros_ws/src/orbslam3_ros2/src/monocular/monocular-slam-node.hpp:9[m[K,
[7.878s]                  from [01m[K/home/hkim/development/tello_ros_ws/src/orbslam3_ros2/src/monocular/monocular-slam-node.cpp:1[m[K:
[7.879s] [01m[K/usr/include/eigen3/Eigen/src/Core/util/Constants.h:162:37:[m[K [01;36m[Knote: [m[Kdeclared here
[7.879s]   162 | EIGEN_DEPRECATED const unsigned int [01;36m[KAlignedBit[m[K = 0x80;
[7.879s]       |                                     [01;36m[K^~~~~~~~~~[m[K
[7.918s] In file included from [01m[K/home/hkim/development/tello_ros_ws/src/ORB_SLAM3/include/../Thirdparty/g2o/g2o/types/types_six_dof_expmap.h:38[m[K,
[7.918s]                  from [01m[K/home/hkim/development/tello_ros_ws/src/ORB_SLAM3/include/Converter.h:26[m[K,
[7.918s]                  from [01m[K/home/hkim/development/tello_ros_ws/src/ORB_SLAM3/include/Frame.h:33[m[K,
[7.919s]                  from [01m[K/home/hkim/development/tello_ros_ws/src/ORB_SLAM3/include/KeyFrame.h:28[m[K,
[7.919s]                  from [01m[K/home/hkim/development/tello_ros_ws/src/ORB_SLAM3/include/MapPoint.h:23[m[K,
[7.919s]                  from [01m[K/home/hkim/development/tello_ros_ws/src/ORB_SLAM3/include/FrameDrawer.h:24[m[K,
[7.919s]                  from [01m[K/home/hkim/development/tello_ros_ws/src/ORB_SLAM3/include/Viewer.h:23[m[K,
[7.919s]                  from [01m[K/home/hkim/development/tello_ros_ws/src/ORB_SLAM3/include/Tracking.h:26[m[K,
[7.919s]                  from [01m[K/home/hkim/development/tello_ros_ws/src/ORB_SLAM3/include/System.h:31[m[K,
[7.919s]                  from [01m[K/home/hkim/development/tello_ros_ws/src/orbslam3_ros2/src/monocular/monocular-slam-node.hpp:9[m[K,
[7.919s]                  from [01m[K/home/hkim/development/tello_ros_ws/src/orbslam3_ros2/src/monocular/monocular-slam-node.cpp:1[m[K:
[7.919s] /home/hkim/development/tello_ros_ws/src/ORB_SLAM3/include/../Thirdparty/g2o/g2o/types/../core/base_binary_edge.h: In instantiation of ‘[01m[Kclass g2o::BaseBinaryEdge<7, g2o::Sim3, g2o::VertexSim3Expmap, g2o::VertexSim3Expmap>[m[K’:
[7.920s] [01m[K/home/hkim/development/tello_ros_ws/src/ORB_SLAM3/include/../Thirdparty/g2o/g2o/types/types_seven_dof_expmap.h:99:27:[m[K   required from here
[7.920s] [01m[K/home/hkim/development/tello_ros_ws/src/ORB_SLAM3/include/../Thirdparty/g2o/g2o/types/../core/base_binary_edge.h:59:80:[m[K [01;35m[Kwarning: [m[K‘[01m[KEigen::AlignedBit[m[K’ is deprecated [[01;35m[K-Wdeprecated-declarations[m[K]
[7.920s]    59 | n::Map<Matrix<double, Di, Dj>, Matrix<double, Di, Dj>::[01;35m[KFlags & AlignedBit[m[K ? Aligned : Unaligned > HessianBlockType;
[7.920s]       |                                                        [01;35m[K~~~~~~^~~~~~~~~~~~[m[K
[7.920s] 
[7.920s] In file included from [01m[K/usr/include/eigen3/Eigen/Core:363[m[K,
[7.920s]                  from [01m[K/usr/include/eigen3/Eigen/LU:11[m[K,
[7.920s]                  from [01m[K/home/hkim/development/tello_ros_ws/src/ORB_SLAM3/include/../Thirdparty/Sophus/sophus/so2.hpp:12[m[K,
[7.921s]                  from [01m[K/home/hkim/development/tello_ros_ws/src/ORB_SLAM3/include/../Thirdparty/Sophus/sophus/se2.hpp:7[m[K,
[7.921s]                  from [01m[K/home/hkim/development/tello_ros_ws/src/ORB_SLAM3/include/../Thirdparty/Sophus/sophus/geometry.hpp:7[m[K,
[7.921s]                  from [01m[K/home/hkim/development/tello_ros_ws/src/ORB_SLAM3/include/Frame.h:28[m[K,
[7.921s]                  from [01m[K/home/hkim/development/tello_ros_ws/src/ORB_SLAM3/include/KeyFrame.h:28[m[K,
[7.921s]                  from [01m[K/home/hkim/development/tello_ros_ws/src/ORB_SLAM3/include/MapPoint.h:23[m[K,
[7.921s]                  from [01m[K/home/hkim/development/tello_ros_ws/src/ORB_SLAM3/include/FrameDrawer.h:24[m[K,
[7.921s]                  from [01m[K/home/hkim/development/tello_ros_ws/src/ORB_SLAM3/include/Viewer.h:23[m[K,
[7.921s]                  from [01m[K/home/hkim/development/tello_ros_ws/src/ORB_SLAM3/include/Tracking.h:26[m[K,
[7.921s]                  from [01m[K/home/hkim/development/tello_ros_ws/src/ORB_SLAM3/include/System.h:31[m[K,
[7.922s]                  from [01m[K/home/hkim/development/tello_ros_ws/src/orbslam3_ros2/src/monocular/monocular-slam-node.hpp:9[m[K,
[7.922s]                  from [01m[K/home/hkim/development/tello_ros_ws/src/orbslam3_ros2/src/monocular/monocular-slam-node.cpp:1[m[K:
[7.922s] [01m[K/usr/include/eigen3/Eigen/src/Core/util/Constants.h:162:37:[m[K [01;36m[Knote: [m[Kdeclared here
[7.922s]   162 | EIGEN_DEPRECATED const unsigned int [01;36m[KAlignedBit[m[K = 0x80;
[7.922s]       |                                     [01;36m[K^~~~~~~~~~[m[K
[7.922s] In file included from [01m[K/home/hkim/development/tello_ros_ws/src/ORB_SLAM3/include/../Thirdparty/g2o/g2o/types/types_six_dof_expmap.h:38[m[K,
[7.922s]                  from [01m[K/home/hkim/development/tello_ros_ws/src/ORB_SLAM3/include/Converter.h:26[m[K,
[7.922s]                  from [01m[K/home/hkim/development/tello_ros_ws/src/ORB_SLAM3/include/Frame.h:33[m[K,
[7.922s]                  from [01m[K/home/hkim/development/tello_ros_ws/src/ORB_SLAM3/include/KeyFrame.h:28[m[K,
[7.923s]                  from [01m[K/home/hkim/development/tello_ros_ws/src/ORB_SLAM3/include/MapPoint.h:23[m[K,
[7.923s]                  from [01m[K/home/hkim/development/tello_ros_ws/src/ORB_SLAM3/include/FrameDrawer.h:24[m[K,
[7.923s]                  from [01m[K/home/hkim/development/tello_ros_ws/src/ORB_SLAM3/include/Viewer.h:23[m[K,
[7.923s]                  from [01m[K/home/hkim/development/tello_ros_ws/src/ORB_SLAM3/include/Tracking.h:26[m[K,
[7.923s]                  from [01m[K/home/hkim/development/tello_ros_ws/src/ORB_SLAM3/include/System.h:31[m[K,
[7.923s]                  from [01m[K/home/hkim/development/tello_ros_ws/src/orbslam3_ros2/src/monocular/monocular-slam-node.hpp:9[m[K,
[7.923s]                  from [01m[K/home/hkim/development/tello_ros_ws/src/orbslam3_ros2/src/monocular/monocular-slam-node.cpp:1[m[K:
[7.923s] [01m[K/home/hkim/development/tello_ros_ws/src/ORB_SLAM3/include/../Thirdparty/g2o/g2o/types/../core/base_binary_edge.h:60:80:[m[K [01;35m[Kwarning: [m[K‘[01m[KEigen::AlignedBit[m[K’ is deprecated [[01;35m[K-Wdeprecated-declarations[m[K]
[7.923s]    60 | n::Map<Matrix<double, Dj, Di>, Matrix<double, Dj, Di>::[01;35m[KFlags & AlignedBit[m[K ? Aligned : Unaligned > HessianBlockTransposedType;
[7.924s]       |                                                        [01;35m[K~~~~~~^~~~~~~~~~~~[m[K
[7.924s] 
[7.924s] In file included from [01m[K/usr/include/eigen3/Eigen/Core:363[m[K,
[7.924s]                  from [01m[K/usr/include/eigen3/Eigen/LU:11[m[K,
[7.924s]                  from [01m[K/home/hkim/development/tello_ros_ws/src/ORB_SLAM3/include/../Thirdparty/Sophus/sophus/so2.hpp:12[m[K,
[7.924s]                  from [01m[K/home/hkim/development/tello_ros_ws/src/ORB_SLAM3/include/../Thirdparty/Sophus/sophus/se2.hpp:7[m[K,
[7.925s]                  from [01m[K/home/hkim/development/tello_ros_ws/src/ORB_SLAM3/include/../Thirdparty/Sophus/sophus/geometry.hpp:7[m[K,
[7.925s]                  from [01m[K/home/hkim/development/tello_ros_ws/src/ORB_SLAM3/include/Frame.h:28[m[K,
[7.925s]                  from [01m[K/home/hkim/development/tello_ros_ws/src/ORB_SLAM3/include/KeyFrame.h:28[m[K,
[7.925s]                  from [01m[K/home/hkim/development/tello_ros_ws/src/ORB_SLAM3/include/MapPoint.h:23[m[K,
[7.925s]                  from [01m[K/home/hkim/development/tello_ros_ws/src/ORB_SLAM3/include/FrameDrawer.h:24[m[K,
[7.925s]                  from [01m[K/home/hkim/development/tello_ros_ws/src/ORB_SLAM3/include/Viewer.h:23[m[K,
[7.925s]                  from [01m[K/home/hkim/development/tello_ros_ws/src/ORB_SLAM3/include/Tracking.h:26[m[K,
[7.926s]                  from [01m[K/home/hkim/development/tello_ros_ws/src/ORB_SLAM3/include/System.h:31[m[K,
[7.926s]                  from [01m[K/home/hkim/development/tello_ros_ws/src/orbslam3_ros2/src/monocular/monocular-slam-node.hpp:9[m[K,
[7.926s]                  from [01m[K/home/hkim/development/tello_ros_ws/src/orbslam3_ros2/src/monocular/monocular-slam-node.cpp:1[m[K:
[7.926s] [01m[K/usr/include/eigen3/Eigen/src/Core/util/Constants.h:162:37:[m[K [01;36m[Knote: [m[Kdeclared here
[7.926s]   162 | EIGEN_DEPRECATED const unsigned int [01;36m[KAlignedBit[m[K = 0x80;
[7.926s]       |                                     [01;36m[K^~~~~~~~~~[m[K
[7.994s] In file included from [01m[K/home/hkim/development/tello_ros_ws/src/ORB_SLAM3/include/../Thirdparty/g2o/g2o/types/types_six_dof_expmap.h:38[m[K,
[7.994s]                  from [01m[K/home/hkim/development/tello_ros_ws/src/ORB_SLAM3/include/Converter.h:26[m[K,
[7.994s]                  from [01m[K/home/hkim/development/tello_ros_ws/src/ORB_SLAM3/include/Frame.h:33[m[K,
[7.994s]                  from [01m[K/home/hkim/development/tello_ros_ws/src/ORB_SLAM3/include/KeyFrame.h:28[m[K,
[7.995s]                  from [01m[K/home/hkim/development/tello_ros_ws/src/ORB_SLAM3/include/MapPoint.h:23[m[K,
[7.995s]                  from [01m[K/home/hkim/development/tello_ros_ws/src/ORB_SLAM3/include/FrameDrawer.h:24[m[K,
[7.995s]                  from [01m[K/home/hkim/development/tello_ros_ws/src/ORB_SLAM3/include/Viewer.h:23[m[K,
[7.995s]                  from [01m[K/home/hkim/development/tello_ros_ws/src/ORB_SLAM3/include/Tracking.h:26[m[K,
[7.995s]                  from [01m[K/home/hkim/development/tello_ros_ws/src/ORB_SLAM3/include/System.h:31[m[K,
[7.995s]                  from [01m[K/home/hkim/development/tello_ros_ws/src/orbslam3_ros2/src/monocular/monocular-slam-node.hpp:9[m[K,
[7.995s]                  from [01m[K/home/hkim/development/tello_ros_ws/src/orbslam3_ros2/src/monocular/monocular-slam-node.cpp:1[m[K:
[7.995s] /home/hkim/development/tello_ros_ws/src/ORB_SLAM3/include/../Thirdparty/g2o/g2o/types/../core/base_binary_edge.h: In instantiation of ‘[01m[Kclass g2o::BaseBinaryEdge<2, Eigen::Matrix<double, 2, 1>, g2o::VertexSBAPointXYZ, g2o::VertexSim3Expmap>[m[K’:
[7.996s] [01m[K/home/hkim/development/tello_ros_ws/src/ORB_SLAM3/include/../Thirdparty/g2o/g2o/types/types_seven_dof_expmap.h:130:36:[m[K   required from here
[7.996s] [01m[K/home/hkim/development/tello_ros_ws/src/ORB_SLAM3/include/../Thirdparty/g2o/g2o/types/../core/base_binary_edge.h:59:80:[m[K [01;35m[Kwarning: [m[K‘[01m[KEigen::AlignedBit[m[K’ is deprecated [[01;35m[K-Wdeprecated-declarations[m[K]
[7.996s]    59 | n::Map<Matrix<double, Di, Dj>, Matrix<double, Di, Dj>::[01;35m[KFlags & AlignedBit[m[K ? Aligned : Unaligned > HessianBlockType;
[7.996s]       |                                                        [01;35m[K~~~~~~^~~~~~~~~~~~[m[K
[7.996s] 
[7.996s] In file included from [01m[K/usr/include/eigen3/Eigen/Core:363[m[K,
[7.996s]                  from [01m[K/usr/include/eigen3/Eigen/LU:11[m[K,
[7.996s]                  from [01m[K/home/hkim/development/tello_ros_ws/src/ORB_SLAM3/include/../Thirdparty/Sophus/sophus/so2.hpp:12[m[K,
[7.996s]                  from [01m[K/home/hkim/development/tello_ros_ws/src/ORB_SLAM3/include/../Thirdparty/Sophus/sophus/se2.hpp:7[m[K,
[7.997s]                  from [01m[K/home/hkim/development/tello_ros_ws/src/ORB_SLAM3/include/../Thirdparty/Sophus/sophus/geometry.hpp:7[m[K,
[7.997s]                  from [01m[K/home/hkim/development/tello_ros_ws/src/ORB_SLAM3/include/Frame.h:28[m[K,
[7.997s]                  from [01m[K/home/hkim/development/tello_ros_ws/src/ORB_SLAM3/include/KeyFrame.h:28[m[K,
[7.997s]                  from [01m[K/home/hkim/development/tello_ros_ws/src/ORB_SLAM3/include/MapPoint.h:23[m[K,
[7.997s]                  from [01m[K/home/hkim/development/tello_ros_ws/src/ORB_SLAM3/include/FrameDrawer.h:24[m[K,
[7.997s]                  from [01m[K/home/hkim/development/tello_ros_ws/src/ORB_SLAM3/include/Viewer.h:23[m[K,
[7.997s]                  from [01m[K/home/hkim/development/tello_ros_ws/src/ORB_SLAM3/include/Tracking.h:26[m[K,
[7.997s]                  from [01m[K/home/hkim/development/tello_ros_ws/src/ORB_SLAM3/include/System.h:31[m[K,
[7.997s]                  from [01m[K/home/hkim/development/tello_ros_ws/src/orbslam3_ros2/src/monocular/monocular-slam-node.hpp:9[m[K,
[7.998s]                  from [01m[K/home/hkim/development/tello_ros_ws/src/orbslam3_ros2/src/monocular/monocular-slam-node.cpp:1[m[K:
[7.998s] [01m[K/usr/include/eigen3/Eigen/src/Core/util/Constants.h:162:37:[m[K [01;36m[Knote: [m[Kdeclared here
[7.998s]   162 | EIGEN_DEPRECATED const unsigned int [01;36m[KAlignedBit[m[K = 0x80;
[7.998s]       |                                     [01;36m[K^~~~~~~~~~[m[K
[8.060s] In file included from [01m[K/home/hkim/development/tello_ros_ws/src/ORB_SLAM3/include/../Thirdparty/g2o/g2o/types/types_six_dof_expmap.h:38[m[K,
[8.061s]                  from [01m[K/home/hkim/development/tello_ros_ws/src/ORB_SLAM3/include/Converter.h:26[m[K,
[8.061s]                  from [01m[K/home/hkim/development/tello_ros_ws/src/ORB_SLAM3/include/Frame.h:33[m[K,
[8.061s]                  from [01m[K/home/hkim/development/tello_ros_ws/src/ORB_SLAM3/include/KeyFrame.h:28[m[K,
[8.061s]                  from [01m[K/home/hkim/development/tello_ros_ws/src/ORB_SLAM3/include/MapPoint.h:23[m[K,
[8.061s]                  from [01m[K/home/hkim/development/tello_ros_ws/src/ORB_SLAM3/include/FrameDrawer.h:24[m[K,
[8.061s]                  from [01m[K/home/hkim/development/tello_ros_ws/src/ORB_SLAM3/include/Viewer.h:23[m[K,
[8.061s]                  from [01m[K/home/hkim/development/tello_ros_ws/src/ORB_SLAM3/include/Tracking.h:26[m[K,
[8.061s]                  from [01m[K/home/hkim/development/tello_ros_ws/src/ORB_SLAM3/include/System.h:31[m[K,
[8.061s]                  from [01m[K/home/hkim/development/tello_ros_ws/src/orbslam3_ros2/src/monocular/monocular-slam-node.hpp:9[m[K,
[8.062s]                  from [01m[K/home/hkim/development/tello_ros_ws/src/orbslam3_ros2/src/monocular/monocular-slam-node.cpp:1[m[K:
[8.062s] [01m[K/home/hkim/development/tello_ros_ws/src/ORB_SLAM3/include/../Thirdparty/g2o/g2o/types/../core/base_binary_edge.h:60:80:[m[K [01;35m[Kwarning: [m[K‘[01m[KEigen::AlignedBit[m[K’ is deprecated [[01;35m[K-Wdeprecated-declarations[m[K]
[8.062s]    60 | n::Map<Matrix<double, Dj, Di>, Matrix<double, Dj, Di>::[01;35m[KFlags & AlignedBit[m[K ? Aligned : Unaligned > HessianBlockTransposedType;
[8.062s]       |                                                        [01;35m[K~~~~~~^~~~~~~~~~~~[m[K
[8.062s] 
[8.062s] In file included from [01m[K/usr/include/eigen3/Eigen/Core:363[m[K,
[8.062s]                  from [01m[K/usr/include/eigen3/Eigen/LU:11[m[K,
[8.062s]                  from [01m[K/home/hkim/development/tello_ros_ws/src/ORB_SLAM3/include/../Thirdparty/Sophus/sophus/so2.hpp:12[m[K,
[8.062s]                  from [01m[K/home/hkim/development/tello_ros_ws/src/ORB_SLAM3/include/../Thirdparty/Sophus/sophus/se2.hpp:7[m[K,
[8.063s]                  from [01m[K/home/hkim/development/tello_ros_ws/src/ORB_SLAM3/include/../Thirdparty/Sophus/sophus/geometry.hpp:7[m[K,
[8.063s]                  from [01m[K/home/hkim/development/tello_ros_ws/src/ORB_SLAM3/include/Frame.h:28[m[K,
[8.063s]                  from [01m[K/home/hkim/development/tello_ros_ws/src/ORB_SLAM3/include/KeyFrame.h:28[m[K,
[8.063s]                  from [01m[K/home/hkim/development/tello_ros_ws/src/ORB_SLAM3/include/MapPoint.h:23[m[K,
[8.063s]                  from [01m[K/home/hkim/development/tello_ros_ws/src/ORB_SLAM3/include/FrameDrawer.h:24[m[K,
[8.063s]                  from [01m[K/home/hkim/development/tello_ros_ws/src/ORB_SLAM3/include/Viewer.h:23[m[K,
[8.063s]                  from [01m[K/home/hkim/development/tello_ros_ws/src/ORB_SLAM3/include/Tracking.h:26[m[K,
[8.063s]                  from [01m[K/home/hkim/development/tello_ros_ws/src/ORB_SLAM3/include/System.h:31[m[K,
[8.063s]                  from [01m[K/home/hkim/development/tello_ros_ws/src/orbslam3_ros2/src/monocular/monocular-slam-node.hpp:9[m[K,
[8.064s]                  from [01m[K/home/hkim/development/tello_ros_ws/src/orbslam3_ros2/src/monocular/monocular-slam-node.cpp:1[m[K:
[8.064s] [01m[K/usr/include/eigen3/Eigen/src/Core/util/Constants.h:162:37:[m[K [01;36m[Knote: [m[Kdeclared here
[8.064s]   162 | EIGEN_DEPRECATED const unsigned int [01;36m[KAlignedBit[m[K = 0x80;
[8.064s]       |                                     [01;36m[K^~~~~~~~~~[m[K
[8.139s] In file included from [01m[K/home/hkim/development/tello_ros_ws/src/ORB_SLAM3/include/Frame.h:34[m[K,
[8.139s]                  from [01m[K/home/hkim/development/tello_ros_ws/src/ORB_SLAM3/include/KeyFrame.h:28[m[K,
[8.140s]                  from [01m[K/home/hkim/development/tello_ros_ws/src/ORB_SLAM3/include/MapPoint.h:23[m[K,
[8.140s]                  from [01m[K/home/hkim/development/tello_ros_ws/src/ORB_SLAM3/include/FrameDrawer.h:24[m[K,
[8.140s]                  from [01m[K/home/hkim/development/tello_ros_ws/src/ORB_SLAM3/include/Viewer.h:23[m[K,
[8.140s]                  from [01m[K/home/hkim/development/tello_ros_ws/src/ORB_SLAM3/include/Tracking.h:26[m[K,
[8.140s]                  from [01m[K/home/hkim/development/tello_ros_ws/src/ORB_SLAM3/include/System.h:31[m[K,
[8.140s]                  from [01m[K/home/hkim/development/tello_ros_ws/src/orbslam3_ros2/src/monocular/monocular-slam-node.hpp:9[m[K,
[8.140s]                  from [01m[K/home/hkim/development/tello_ros_ws/src/orbslam3_ros2/src/monocular/monocular-slam-node.cpp:1[m[K:
[8.140s] [01m[K/home/hkim/development/tello_ros_ws/src/ORB_SLAM3/include/Settings.h:232:2:[m[K [01;35m[Kwarning: [m[Kextra ‘[01m[K;[m[K’ [[01;35m[K-Wpedantic[m[K]
[8.140s]   232 | }[01;35m[K;[m[K
[8.140s]       |  [01;35m[K^[m[K
[8.842s] In file included from [01m[K/home/hkim/development/tello_ros_ws/src/ORB_SLAM3/include/Atlas.h:26[m[K,
[8.842s]                  from [01m[K/home/hkim/development/tello_ros_ws/src/ORB_SLAM3/include/FrameDrawer.h:25[m[K,
[8.842s]                  from [01m[K/home/hkim/development/tello_ros_ws/src/ORB_SLAM3/include/Viewer.h:23[m[K,
[8.842s]                  from [01m[K/home/hkim/development/tello_ros_ws/src/ORB_SLAM3/include/Tracking.h:26[m[K,
[8.843s]                  from [01m[K/home/hkim/development/tello_ros_ws/src/ORB_SLAM3/include/System.h:31[m[K,
[8.843s]                  from [01m[K/home/hkim/development/tello_ros_ws/src/orbslam3_ros2/src/monocular/monocular-slam-node.hpp:9[m[K,
[8.843s]                  from [01m[K/home/hkim/development/tello_ros_ws/src/orbslam3_ros2/src/monocular/monocular-slam-node.cpp:1[m[K:
[8.843s] [01m[K/home/hkim/development/tello_ros_ws/src/ORB_SLAM3/include/CameraModels/Pinhole.h:[m[K In member function ‘[01m[Kvirtual bool ORB_SLAM3::Pinhole::matchAndtriangulate(const cv::KeyPoint&, const cv::KeyPoint&, ORB_SLAM3::GeometricCamera*, Sophus::SE3f&, Sophus::SE3f&, float, float, Eigen::Vector3f&)[m[K’:
[8.843s] [01m[K/home/hkim/development/tello_ros_ws/src/ORB_SLAM3/include/CameraModels/Pinhole.h:83:54:[m[K [01;35m[Kwarning: [m[Kunused parameter ‘[01m[Kkp1[m[K’ [[01;35m[K-Wunused-parameter[m[K]
[8.843s]    83 |         bool matchAndtriangulate([01;35m[Kconst cv::KeyPoint& kp1[m[K, const cv::KeyPoint& kp2, GeometricCamera* pOther,
[8.844s]       |                                  [01;35m[K~~~~~~~~~~~~~~~~~~~~^~~[m[K
[8.844s] [01m[K/home/hkim/development/tello_ros_ws/src/ORB_SLAM3/include/CameraModels/Pinhole.h:83:79:[m[K [01;35m[Kwarning: [m[Kunused parameter ‘[01m[Kkp2[m[K’ [[01;35m[K-Wunused-parameter[m[K]
[8.844s]    83 | hAndtriangulate(const cv::KeyPoint& kp1, [01;35m[Kconst cv::KeyPoint& kp2[m[K, GeometricCamera* pOther,
[8.844s]       |                                          [01;35m[K~~~~~~~~~~~~~~~~~~~~^~~[m[K
[8.844s] 
[8.845s] [01m[K/home/hkim/development/tello_ros_ws/src/ORB_SLAM3/include/CameraModels/Pinhole.h:83:101:[m[K [01;35m[Kwarning: [m[Kunused parameter ‘[01m[KpOther[m[K’ [[01;35m[K-Wunused-parameter[m[K]
[8.845s]    83 | cv::KeyPoint& kp1, const cv::KeyPoint& kp2, [01;35m[KGeometricCamera* pOther[m[K,
[8.846s]       |                                             [01;35m[K~~~~~~~~~~~~~~~~~^~~~~~[m[K
[8.846s] 
[8.846s] [01m[K/home/hkim/development/tello_ros_ws/src/ORB_SLAM3/include/CameraModels/Pinhole.h:84:48:[m[K [01;35m[Kwarning: [m[Kunused parameter ‘[01m[KTcw1[m[K’ [[01;35m[K-Wunused-parameter[m[K]
[8.846s]    84 |                                  [01;35m[KSophus::SE3f& Tcw1[m[K, Sophus::SE3f& Tcw2,
[8.846s]       |                                  [01;35m[K~~~~~~~~~~~~~~^~~~[m[K
[8.847s] [01m[K/home/hkim/development/tello_ros_ws/src/ORB_SLAM3/include/CameraModels/Pinhole.h:84:68:[m[K [01;35m[Kwarning: [m[Kunused parameter ‘[01m[KTcw2[m[K’ [[01;35m[K-Wunused-parameter[m[K]
[8.847s]    84 |                                  Sophus::SE3f& Tcw1, [01;35m[KSophus::SE3f& Tcw2[m[K,
[8.847s]       |                                                      [01;35m[K~~~~~~~~~~~~~~^~~~[m[K
[8.847s] [01m[K/home/hkim/development/tello_ros_ws/src/ORB_SLAM3/include/CameraModels/Pinhole.h:85:46:[m[K [01;35m[Kwarning: [m[Kunused parameter ‘[01m[KsigmaLevel1[m[K’ [[01;35m[K-Wunused-parameter[m[K]
[8.848s]    85 |                                  [01;35m[Kconst float sigmaLevel1[m[K, const float sigmaLevel2,
[8.848s]       |                                  [01;35m[K~~~~~~~~~~~~^~~~~~~~~~~[m[K
[8.848s] [01m[K/home/hkim/development/tello_ros_ws/src/ORB_SLAM3/include/CameraModels/Pinhole.h:85:71:[m[K [01;35m[Kwarning: [m[Kunused parameter ‘[01m[KsigmaLevel2[m[K’ [[01;35m[K-Wunused-parameter[m[K]
[8.848s]    85 |                               const float sigmaLevel1, [01;35m[Kconst float sigmaLevel2[m[K,
[8.848s]       |                                                        [01;35m[K~~~~~~~~~~~~^~~~~~~~~~~[m[K
[8.848s] 
[8.848s] [01m[K/home/hkim/development/tello_ros_ws/src/ORB_SLAM3/include/CameraModels/Pinhole.h:86:51:[m[K [01;35m[Kwarning: [m[Kunused parameter ‘[01m[Kx3Dtriangulated[m[K’ [[01;35m[K-Wunused-parameter[m[K]
[8.848s]    86 |                                  [01;35m[KEigen::Vector3f& x3Dtriangulated[m[K) { return false;}
[8.848s]       |                                  [01;35m[K~~~~~~~~~~~~~~~~~^~~~~~~~~~~~~~~[m[K
[8.849s] In file included from [01m[K/home/hkim/development/tello_ros_ws/src/ORB_SLAM3/include/Atlas.h:27[m[K,
[8.849s]                  from [01m[K/home/hkim/development/tello_ros_ws/src/ORB_SLAM3/include/FrameDrawer.h:25[m[K,
[8.849s]                  from [01m[K/home/hkim/development/tello_ros_ws/src/ORB_SLAM3/include/Viewer.h:23[m[K,
[8.849s]                  from [01m[K/home/hkim/development/tello_ros_ws/src/ORB_SLAM3/include/Tracking.h:26[m[K,
[8.849s]                  from [01m[K/home/hkim/development/tello_ros_ws/src/ORB_SLAM3/include/System.h:31[m[K,
[8.849s]                  from [01m[K/home/hkim/development/tello_ros_ws/src/orbslam3_ros2/src/monocular/monocular-slam-node.hpp:9[m[K,
[8.850s]                  from [01m[K/home/hkim/development/tello_ros_ws/src/orbslam3_ros2/src/monocular/monocular-slam-node.cpp:1[m[K:
[8.850s] [01m[K/home/hkim/development/tello_ros_ws/src/ORB_SLAM3/include/CameraModels/KannalaBrandt8.h:[m[K In constructor ‘[01m[KORB_SLAM3::KannalaBrandt8::KannalaBrandt8(std::vector<float>)[m[K’:
[8.850s] [01m[K/home/hkim/development/tello_ros_ws/src/ORB_SLAM3/include/CameraModels/KannalaBrandt8.h:102:21:[m[K [01;35m[Kwarning: [m[K‘[01m[KORB_SLAM3::KannalaBrandt8::precision[m[K’ will be initialized after [[01;35m[K-Wreorder[m[K]
[8.850s]   102 |         const float [01;35m[Kprecision[m[K;
[8.850s]       |                     [01;35m[K^~~~~~~~~[m[K
[8.850s] [01m[K/home/hkim/development/tello_ros_ws/src/ORB_SLAM3/include/CameraModels/KannalaBrandt8.h:88:26:[m[K [01;35m[Kwarning: [m[K  ‘[01m[Kstd::vector<int> ORB_SLAM3::KannalaBrandt8::mvLappingArea[m[K’ [[01;35m[K-Wreorder[m[K]
[8.850s]    88 |         std::vector<int> [01;35m[KmvLappingArea[m[K;
[8.850s]       |                          [01;35m[K^~~~~~~~~~~~~[m[K
[8.850s] In file included from [01m[K/home/hkim/development/tello_ros_ws/src/ORB_SLAM3/include/Atlas.h:27[m[K,
[8.850s]                  from [01m[K/home/hkim/development/tello_ros_ws/src/ORB_SLAM3/include/FrameDrawer.h:25[m[K,
[8.851s]                  from [01m[K/home/hkim/development/tello_ros_ws/src/ORB_SLAM3/include/Viewer.h:23[m[K,
[8.851s]                  from [01m[K/home/hkim/development/tello_ros_ws/src/ORB_SLAM3/include/Tracking.h:26[m[K,
[8.851s]                  from [01m[K/home/hkim/development/tello_ros_ws/src/ORB_SLAM3/include/System.h:31[m[K,
[8.851s]                  from [01m[K/home/hkim/development/tello_ros_ws/src/orbslam3_ros2/src/monocular/monocular-slam-node.hpp:9[m[K,
[8.851s]                  from [01m[K/home/hkim/development/tello_ros_ws/src/orbslam3_ros2/src/monocular/monocular-slam-node.cpp:1[m[K:
[8.851s] [01m[K/home/hkim/development/tello_ros_ws/src/ORB_SLAM3/include/CameraModels/KannalaBrandt8.h:47:9:[m[K [01;35m[Kwarning: [m[K  when initialized here [[01;35m[K-Wreorder[m[K]
[8.851s]    47 |         [01;35m[KKannalaBrandt8[m[K(const std::vector<float> _vParameters) : GeometricCamera(_vParameters), precision(1e-6), mvLappingArea(2,0) ,tvr(nullptr) {
[8.851s]       |         [01;35m[K^~~~~~~~~~~~~~[m[K
[8.852s] In file included from [01m[K/home/hkim/development/tello_ros_ws/src/ORB_SLAM3/include/Atlas.h:27[m[K,
[8.852s]                  from [01m[K/home/hkim/development/tello_ros_ws/src/ORB_SLAM3/include/FrameDrawer.h:25[m[K,
[8.852s]                  from [01m[K/home/hkim/development/tello_ros_ws/src/ORB_SLAM3/include/Viewer.h:23[m[K,
[8.852s]                  from [01m[K/home/hkim/development/tello_ros_ws/src/ORB_SLAM3/include/Tracking.h:26[m[K,
[8.852s]                  from [01m[K/home/hkim/development/tello_ros_ws/src/ORB_SLAM3/include/System.h:31[m[K,
[8.852s]                  from [01m[K/home/hkim/development/tello_ros_ws/src/orbslam3_ros2/src/monocular/monocular-slam-node.hpp:9[m[K,
[8.852s]                  from [01m[K/home/hkim/development/tello_ros_ws/src/orbslam3_ros2/src/monocular/monocular-slam-node.cpp:1[m[K:
[8.852s] [01m[K/home/hkim/development/tello_ros_ws/src/ORB_SLAM3/include/CameraModels/KannalaBrandt8.h:[m[K In constructor ‘[01m[KORB_SLAM3::KannalaBrandt8::KannalaBrandt8(std::vector<float>, float)[m[K’:
[8.852s] [01m[K/home/hkim/development/tello_ros_ws/src/ORB_SLAM3/include/CameraModels/KannalaBrandt8.h:102:21:[m[K [01;35m[Kwarning: [m[K‘[01m[KORB_SLAM3::KannalaBrandt8::precision[m[K’ will be initialized after [[01;35m[K-Wreorder[m[K]
[8.852s]   102 |         const float [01;35m[Kprecision[m[K;
[8.853s]       |                     [01;35m[K^~~~~~~~~[m[K
[8.853s] [01m[K/home/hkim/development/tello_ros_ws/src/ORB_SLAM3/include/CameraModels/KannalaBrandt8.h:88:26:[m[K [01;35m[Kwarning: [m[K  ‘[01m[Kstd::vector<int> ORB_SLAM3::KannalaBrandt8::mvLappingArea[m[K’ [[01;35m[K-Wreorder[m[K]
[8.853s]    88 |         std::vector<int> [01;35m[KmvLappingArea[m[K;
[8.853s]       |                          [01;35m[K^~~~~~~~~~~~~[m[K
[8.853s] [01m[K/home/hkim/development/tello_ros_ws/src/ORB_SLAM3/include/CameraModels/KannalaBrandt8.h:53:9:[m[K [01;35m[Kwarning: [m[K  when initialized here [[01;35m[K-Wreorder[m[K]
[8.853s]    53 |         [01;35m[KKannalaBrandt8[m[K(const std::vector<float> _vParameters, const float _precision) : GeometricCamera(_vParameters),
[8.853s]       |         [01;35m[K^~~~~~~~~~~~~~[m[K
[8.853s] [01m[K/home/hkim/development/tello_ros_ws/src/ORB_SLAM3/include/CameraModels/KannalaBrandt8.h:[m[K In constructor ‘[01m[KORB_SLAM3::KannalaBrandt8::KannalaBrandt8(ORB_SLAM3::KannalaBrandt8*)[m[K’:
[8.853s] [01m[K/home/hkim/development/tello_ros_ws/src/ORB_SLAM3/include/CameraModels/KannalaBrandt8.h:102:21:[m[K [01;35m[Kwarning: [m[K‘[01m[KORB_SLAM3::KannalaBrandt8::precision[m[K’ will be initialized after [[01;35m[K-Wreorder[m[K]
[8.854s]   102 |         const float [01;35m[Kprecision[m[K;
[8.854s]       |                     [01;35m[K^~~~~~~~~[m[K
[8.854s] [01m[K/home/hkim/development/tello_ros_ws/src/ORB_SLAM3/include/CameraModels/KannalaBrandt8.h:88:26:[m[K [01;35m[Kwarning: [m[K  ‘[01m[Kstd::vector<int> ORB_SLAM3::KannalaBrandt8::mvLappingArea[m[K’ [[01;35m[K-Wreorder[m[K]
[8.854s]    88 |         std::vector<int> [01;35m[KmvLappingArea[m[K;
[8.854s]       |                          [01;35m[K^~~~~~~~~~~~~[m[K
[8.854s] [01m[K/home/hkim/development/tello_ros_ws/src/ORB_SLAM3/include/CameraModels/KannalaBrandt8.h:59:9:[m[K [01;35m[Kwarning: [m[K  when initialized here [[01;35m[K-Wreorder[m[K]
[8.854s]    59 |         [01;35m[KKannalaBrandt8[m[K(KannalaBrandt8* pKannala) : GeometricCamera(pKannala->mvParameters), precision(pKannala->precision), mvLappingArea(2,0) ,tvr(nullptr) {
[8.854s]       |         [01;35m[K^~~~~~~~~~~~~~[m[K
[16.931s] [ 41%] [32m[1mLinking CXX executable mono[0m
[17.760s] [ 50%] Built target mono
[17.815s] [ 75%] Built target rgbd
[17.870s] [100%] Built target stereo
[17.885s] Invoked command in '/home/hkim/development/tello_ros_ws/build/orbslam3' returned '0': CMAKE_PREFIX_PATH=${CMAKE_PREFIX_PATH}:/opt/ros/foxy /usr/bin/cmake --build /home/hkim/development/tello_ros_ws/build/orbslam3 -- -j4 -l4
[17.933s] Invoking command in '/home/hkim/development/tello_ros_ws/build/orbslam3': CMAKE_PREFIX_PATH=${CMAKE_PREFIX_PATH}:/opt/ros/foxy /usr/bin/cmake --install /home/hkim/development/tello_ros_ws/build/orbslam3
[17.943s] -- Install configuration: ""
[17.943s] -- Execute custom install script
[17.944s] -- Up-to-date symlink: /home/hkim/development/tello_ros_ws/install/orbslam3/lib/orbslam3/mono
[17.944s] -- Up-to-date symlink: /home/hkim/development/tello_ros_ws/install/orbslam3/lib/orbslam3/rgbd
[17.945s] -- Up-to-date symlink: /home/hkim/development/tello_ros_ws/install/orbslam3/lib/orbslam3/stereo
[17.945s] -- Up-to-date symlink: /home/hkim/development/tello_ros_ws/install/orbslam3/lib/orbslam3/stereo-inertial
[17.945s] -- Up-to-date symlink: /home/hkim/development/tello_ros_ws/install/orbslam3/share/ament_index/resource_index/package_run_dependencies/orbslam3
[17.946s] -- Up-to-date symlink: /home/hkim/development/tello_ros_ws/install/orbslam3/share/ament_index/resource_index/parent_prefix_path/orbslam3
[17.946s] -- Up-to-date symlink: /home/hkim/development/tello_ros_ws/install/orbslam3/share/orbslam3/environment/ament_prefix_path.sh
[17.946s] -- Up-to-date symlink: /home/hkim/development/tello_ros_ws/install/orbslam3/share/orbslam3/environment/ament_prefix_path.dsv
[17.947s] -- Up-to-date symlink: /home/hkim/development/tello_ros_ws/install/orbslam3/share/orbslam3/environment/path.sh
[17.947s] -- Up-to-date symlink: /home/hkim/development/tello_ros_ws/install/orbslam3/share/orbslam3/environment/path.dsv
[17.947s] -- Up-to-date symlink: /home/hkim/development/tello_ros_ws/install/orbslam3/share/orbslam3/local_setup.bash
[17.948s] -- Up-to-date symlink: /home/hkim/development/tello_ros_ws/install/orbslam3/share/orbslam3/local_setup.sh
[17.948s] -- Up-to-date symlink: /home/hkim/development/tello_ros_ws/install/orbslam3/share/orbslam3/local_setup.zsh
[17.949s] -- Up-to-date symlink: /home/hkim/development/tello_ros_ws/install/orbslam3/share/orbslam3/local_setup.dsv
[17.949s] -- Symlinking: /home/hkim/development/tello_ros_ws/install/orbslam3/share/orbslam3/package.dsv
[17.960s] -- Up-to-date symlink: /home/hkim/development/tello_ros_ws/install/orbslam3/share/ament_index/resource_index/packages/orbslam3
[17.961s] -- Up-to-date symlink: /home/hkim/development/tello_ros_ws/install/orbslam3/share/orbslam3/cmake/orbslam3Config.cmake
[17.961s] -- Up-to-date symlink: /home/hkim/development/tello_ros_ws/install/orbslam3/share/orbslam3/cmake/orbslam3Config-version.cmake
[17.964s] -- Up-to-date symlink: /home/hkim/development/tello_ros_ws/install/orbslam3/share/orbslam3/package.xml
[17.965s] Invoked command in '/home/hkim/development/tello_ros_ws/build/orbslam3' returned '0': CMAKE_PREFIX_PATH=${CMAKE_PREFIX_PATH}:/opt/ros/foxy /usr/bin/cmake --install /home/hkim/development/tello_ros_ws/build/orbslam3
