[0.051s] Invoking command in '/home/hkim/development/tello_ros_ws/build/tello_msgs': CMAKE_PREFIX_PATH=${CMAKE_PREFIX_PATH}:/opt/ros/foxy /usr/bin/cmake --build /home/hkim/development/tello_ros_ws/build/tello_msgs -- -j4 -l4
[0.222s] [  2%] Built target tello_msgs__cpp
[0.253s] [ 12%] Built target tello_msgs__rosidl_generator_c
[0.339s] [ 23%] Built target tello_msgs__rosidl_typesupport_cpp
[0.397s] [ 34%] Built target tello_msgs__rosidl_typesupport_fastrtps_cpp
[0.427s] [ 44%] Built target tello_msgs__rosidl_typesupport_introspection_c
[0.439s] [ 55%] Built target tello_msgs__rosidl_typesupport_introspection_cpp
[0.515s] [ 65%] Built target tello_msgs__rosidl_typesupport_c
[0.566s] [ 76%] Built target tello_msgs__rosidl_typesupport_fastrtps_c
[0.650s] [ 76%] Built target tello_msgs
[0.791s] [ 78%] Built target tello_msgs__py
[0.907s] [35m[1mScanning dependencies of target tello_msgs__python[0m
[1.103s] [ 80%] [32mBuilding C object CMakeFiles/tello_msgs__python.dir/rosidl_generator_py/tello_msgs/msg/_flight_data_s.c.o[0m
[1.126s] [ 82%] [32mBuilding C object CMakeFiles/tello_msgs__python.dir/rosidl_generator_py/tello_msgs/msg/_tello_response_s.c.o[0m
[1.140s] [ 85%] [32mBuilding C object CMakeFiles/tello_msgs__python.dir/rosidl_generator_py/tello_msgs/srv/_tello_action_s.c.o[0m
[1.893s] [ 87%] [32m[1mLinking C shared library rosidl_generator_py/tello_msgs/libtello_msgs__python.so[0m
[2.113s] [ 87%] Built target tello_msgs__python
[2.152s] [35m[1mScanning dependencies of target tello_msgs__rosidl_typesupport_c__pyext[0m
[2.163s] [35m[1mScanning dependencies of target tello_msgs__rosidl_typesupport_introspection_c__pyext[0m
[2.245s] [ 89%] [32mBuilding C object CMakeFiles/tello_msgs__rosidl_typesupport_introspection_c__pyext.dir/rosidl_generator_py/tello_msgs/_tello_msgs_s.ep.rosidl_typesupport_introspection_c.c.o[0m
[2.258s] [35m[1mScanning dependencies of target tello_msgs__rosidl_typesupport_fastrtps_c__pyext[0m
[2.259s] [ 91%] [32mBuilding C object CMakeFiles/tello_msgs__rosidl_typesupport_c__pyext.dir/rosidl_generator_py/tello_msgs/_tello_msgs_s.ep.rosidl_typesupport_c.c.o[0m
[2.414s] [ 93%] [32mBuilding C object CMakeFiles/tello_msgs__rosidl_typesupport_fastrtps_c__pyext.dir/rosidl_generator_py/tello_msgs/_tello_msgs_s.ep.rosidl_typesupport_fastrtps_c.c.o[0m
[2.728s] [ 95%] [32m[1mLinking C shared library rosidl_generator_py/tello_msgs/tello_msgs_s__rosidl_typesupport_introspection_c.cpython-38-x86_64-linux-gnu.so[0m
[2.783s] [ 97%] [32m[1mLinking C shared library rosidl_generator_py/tello_msgs/tello_msgs_s__rosidl_typesupport_c.cpython-38-x86_64-linux-gnu.so[0m
[2.894s] [100%] [32m[1mLinking CXX shared library rosidl_generator_py/tello_msgs/tello_msgs_s__rosidl_typesupport_fastrtps_c.cpython-38-x86_64-linux-gnu.so[0m
[2.973s] [100%] Built target tello_msgs__rosidl_typesupport_introspection_c__pyext
[3.012s] [100%] Built target tello_msgs__rosidl_typesupport_c__pyext
[3.144s] [100%] Built target tello_msgs__rosidl_typesupport_fastrtps_c__pyext
[3.195s] Invoked command in '/home/hkim/development/tello_ros_ws/build/tello_msgs' returned '0': CMAKE_PREFIX_PATH=${CMAKE_PREFIX_PATH}:/opt/ros/foxy /usr/bin/cmake --build /home/hkim/development/tello_ros_ws/build/tello_msgs -- -j4 -l4
[3.459s] Invoking command in '/home/hkim/development/tello_ros_ws/build/tello_msgs': CMAKE_PREFIX_PATH=${CMAKE_PREFIX_PATH}:/opt/ros/foxy /usr/bin/cmake --install /home/hkim/development/tello_ros_ws/build/tello_msgs
[3.486s] -- Install configuration: ""
[3.486s] -- Up-to-date: /home/hkim/development/tello_ros_ws/install/tello_msgs/share/ament_index/resource_index/rosidl_interfaces/tello_msgs
[3.486s] -- Up-to-date: /home/hkim/development/tello_ros_ws/install/tello_msgs/include/tello_msgs
[3.486s] -- Up-to-date: /home/hkim/development/tello_ros_ws/install/tello_msgs/include/tello_msgs/srv
[3.486s] -- Up-to-date: /home/hkim/development/tello_ros_ws/install/tello_msgs/include/tello_msgs/srv/detail
[3.487s] -- Up-to-date: /home/hkim/development/tello_ros_ws/install/tello_msgs/include/tello_msgs/srv/detail/tello_action__functions.h
[3.487s] -- Up-to-date: /home/hkim/development/tello_ros_ws/install/tello_msgs/include/tello_msgs/srv/detail/tello_action__struct.h
[3.487s] -- Up-to-date: /home/hkim/development/tello_ros_ws/install/tello_msgs/include/tello_msgs/srv/detail/tello_action__type_support.h
[3.487s] -- Up-to-date: /home/hkim/development/tello_ros_ws/install/tello_msgs/include/tello_msgs/srv/detail/tello_action__functions.c
[3.488s] -- Up-to-date: /home/hkim/development/tello_ros_ws/install/tello_msgs/include/tello_msgs/srv/tello_action.h
[3.488s] -- Up-to-date: /home/hkim/development/tello_ros_ws/install/tello_msgs/include/tello_msgs/msg
[3.488s] -- Up-to-date: /home/hkim/development/tello_ros_ws/install/tello_msgs/include/tello_msgs/msg/detail
[3.488s] -- Up-to-date: /home/hkim/development/tello_ros_ws/install/tello_msgs/include/tello_msgs/msg/detail/flight_data__struct.h
[3.488s] -- Up-to-date: /home/hkim/development/tello_ros_ws/install/tello_msgs/include/tello_msgs/msg/detail/flight_data__functions.c
[3.488s] -- Up-to-date: /home/hkim/development/tello_ros_ws/install/tello_msgs/include/tello_msgs/msg/detail/flight_data__type_support.h
[3.488s] -- Up-to-date: /home/hkim/development/tello_ros_ws/install/tello_msgs/include/tello_msgs/msg/detail/tello_response__type_support.h
[3.488s] -- Up-to-date: /home/hkim/development/tello_ros_ws/install/tello_msgs/include/tello_msgs/msg/detail/tello_response__struct.h
[3.489s] -- Up-to-date: /home/hkim/development/tello_ros_ws/install/tello_msgs/include/tello_msgs/msg/detail/tello_response__functions.h
[3.489s] -- Up-to-date: /home/hkim/development/tello_ros_ws/install/tello_msgs/include/tello_msgs/msg/detail/flight_data__functions.h
[3.489s] -- Up-to-date: /home/hkim/development/tello_ros_ws/install/tello_msgs/include/tello_msgs/msg/detail/tello_response__functions.c
[3.489s] -- Up-to-date: /home/hkim/development/tello_ros_ws/install/tello_msgs/include/tello_msgs/msg/tello_response.h
[3.489s] -- Up-to-date: /home/hkim/development/tello_ros_ws/install/tello_msgs/include/tello_msgs/msg/rosidl_generator_c__visibility_control.h
[3.489s] -- Up-to-date: /home/hkim/development/tello_ros_ws/install/tello_msgs/include/tello_msgs/msg/flight_data.h
[3.490s] -- Up-to-date: /home/hkim/development/tello_ros_ws/install/tello_msgs/share/tello_msgs/environment/library_path.sh
[3.490s] -- Up-to-date: /home/hkim/development/tello_ros_ws/install/tello_msgs/share/tello_msgs/environment/library_path.dsv
[3.490s] -- Up-to-date: /home/hkim/development/tello_ros_ws/install/tello_msgs/lib/libtello_msgs__rosidl_generator_c.so
[3.490s] -- Up-to-date: /home/hkim/development/tello_ros_ws/install/tello_msgs/include/tello_msgs
[3.490s] -- Up-to-date: /home/hkim/development/tello_ros_ws/install/tello_msgs/include/tello_msgs/srv
[3.490s] -- Up-to-date: /home/hkim/development/tello_ros_ws/install/tello_msgs/include/tello_msgs/srv/detail
[3.490s] -- Up-to-date: /home/hkim/development/tello_ros_ws/install/tello_msgs/include/tello_msgs/srv/detail/tello_action__rosidl_typesupport_fastrtps_c.h
[3.491s] -- Up-to-date: /home/hkim/development/tello_ros_ws/install/tello_msgs/include/tello_msgs/msg
[3.491s] -- Up-to-date: /home/hkim/development/tello_ros_ws/install/tello_msgs/include/tello_msgs/msg/detail
[3.491s] -- Up-to-date: /home/hkim/development/tello_ros_ws/install/tello_msgs/include/tello_msgs/msg/detail/tello_response__rosidl_typesupport_fastrtps_c.h
[3.491s] -- Up-to-date: /home/hkim/development/tello_ros_ws/install/tello_msgs/include/tello_msgs/msg/detail/flight_data__rosidl_typesupport_fastrtps_c.h
[3.492s] -- Up-to-date: /home/hkim/development/tello_ros_ws/install/tello_msgs/include/tello_msgs/msg/rosidl_typesupport_fastrtps_c__visibility_control.h
[3.492s] -- Up-to-date: /home/hkim/development/tello_ros_ws/install/tello_msgs/lib/libtello_msgs__rosidl_typesupport_fastrtps_c.so
[3.493s] -- Up-to-date: /home/hkim/development/tello_ros_ws/install/tello_msgs/include/tello_msgs
[3.493s] -- Up-to-date: /home/hkim/development/tello_ros_ws/install/tello_msgs/include/tello_msgs/srv
[3.494s] -- Up-to-date: /home/hkim/development/tello_ros_ws/install/tello_msgs/include/tello_msgs/srv/detail
[3.494s] -- Up-to-date: /home/hkim/development/tello_ros_ws/install/tello_msgs/include/tello_msgs/srv/detail/dds_fastrtps
[3.494s] -- Up-to-date: /home/hkim/development/tello_ros_ws/install/tello_msgs/include/tello_msgs/srv/detail/tello_action__rosidl_typesupport_fastrtps_cpp.hpp
[3.495s] -- Up-to-date: /home/hkim/development/tello_ros_ws/install/tello_msgs/include/tello_msgs/msg
[3.495s] -- Up-to-date: /home/hkim/development/tello_ros_ws/install/tello_msgs/include/tello_msgs/msg/detail
[3.495s] -- Up-to-date: /home/hkim/development/tello_ros_ws/install/tello_msgs/include/tello_msgs/msg/detail/dds_fastrtps
[3.496s] -- Up-to-date: /home/hkim/development/tello_ros_ws/install/tello_msgs/include/tello_msgs/msg/detail/flight_data__rosidl_typesupport_fastrtps_cpp.hpp
[3.501s] -- Up-to-date: /home/hkim/development/tello_ros_ws/install/tello_msgs/include/tello_msgs/msg/detail/tello_response__rosidl_typesupport_fastrtps_cpp.hpp
[3.501s] -- Up-to-date: /home/hkim/development/tello_ros_ws/install/tello_msgs/include/tello_msgs/msg/rosidl_typesupport_fastrtps_cpp__visibility_control.h
[3.501s] -- Up-to-date: /home/hkim/development/tello_ros_ws/install/tello_msgs/lib/libtello_msgs__rosidl_typesupport_fastrtps_cpp.so
[3.501s] -- Up-to-date: /home/hkim/development/tello_ros_ws/install/tello_msgs/include/tello_msgs
[3.501s] -- Up-to-date: /home/hkim/development/tello_ros_ws/install/tello_msgs/include/tello_msgs/srv
[3.501s] -- Up-to-date: /home/hkim/development/tello_ros_ws/install/tello_msgs/include/tello_msgs/srv/detail
[3.501s] -- Up-to-date: /home/hkim/development/tello_ros_ws/install/tello_msgs/include/tello_msgs/srv/detail/tello_action__rosidl_typesupport_introspection_c.h
[3.502s] -- Up-to-date: /home/hkim/development/tello_ros_ws/install/tello_msgs/include/tello_msgs/srv/detail/tello_action__type_support.c
[3.502s] -- Up-to-date: /home/hkim/development/tello_ros_ws/install/tello_msgs/include/tello_msgs/msg
[3.502s] -- Up-to-date: /home/hkim/development/tello_ros_ws/install/tello_msgs/include/tello_msgs/msg/detail
[3.502s] -- Up-to-date: /home/hkim/development/tello_ros_ws/install/tello_msgs/include/tello_msgs/msg/detail/flight_data__type_support.c
[3.502s] -- Up-to-date: /home/hkim/development/tello_ros_ws/install/tello_msgs/include/tello_msgs/msg/detail/tello_response__type_support.c
[3.502s] -- Up-to-date: /home/hkim/development/tello_ros_ws/install/tello_msgs/include/tello_msgs/msg/detail/tello_response__rosidl_typesupport_introspection_c.h
[3.502s] -- Up-to-date: /home/hkim/development/tello_ros_ws/install/tello_msgs/include/tello_msgs/msg/detail/flight_data__rosidl_typesupport_introspection_c.h
[3.502s] -- Up-to-date: /home/hkim/development/tello_ros_ws/install/tello_msgs/include/tello_msgs/msg/rosidl_typesupport_introspection_c__visibility_control.h
[3.502s] -- Up-to-date: /home/hkim/development/tello_ros_ws/install/tello_msgs/lib/libtello_msgs__rosidl_typesupport_introspection_c.so
[3.503s] -- Up-to-date: /home/hkim/development/tello_ros_ws/install/tello_msgs/lib/libtello_msgs__rosidl_typesupport_c.so
[3.503s] -- Up-to-date: /home/hkim/development/tello_ros_ws/install/tello_msgs/include/tello_msgs
[3.503s] -- Up-to-date: /home/hkim/development/tello_ros_ws/install/tello_msgs/include/tello_msgs/srv
[3.503s] -- Up-to-date: /home/hkim/development/tello_ros_ws/install/tello_msgs/include/tello_msgs/srv/detail
[3.507s] -- Up-to-date: /home/hkim/development/tello_ros_ws/install/tello_msgs/include/tello_msgs/srv/detail/tello_action__type_support.hpp
[3.507s] -- Up-to-date: /home/hkim/development/tello_ros_ws/install/tello_msgs/include/tello_msgs/srv/detail/tello_action__struct.hpp
[3.507s] -- Up-to-date: /home/hkim/development/tello_ros_ws/install/tello_msgs/include/tello_msgs/srv/detail/tello_action__traits.hpp
[3.507s] -- Up-to-date: /home/hkim/development/tello_ros_ws/install/tello_msgs/include/tello_msgs/srv/detail/tello_action__builder.hpp
[3.507s] -- Up-to-date: /home/hkim/development/tello_ros_ws/install/tello_msgs/include/tello_msgs/srv/tello_action.hpp
[3.507s] -- Up-to-date: /home/hkim/development/tello_ros_ws/install/tello_msgs/include/tello_msgs/msg
[3.508s] -- Up-to-date: /home/hkim/development/tello_ros_ws/install/tello_msgs/include/tello_msgs/msg/tello_response.hpp
[3.508s] -- Up-to-date: /home/hkim/development/tello_ros_ws/install/tello_msgs/include/tello_msgs/msg/rosidl_generator_cpp__visibility_control.hpp
[3.508s] -- Up-to-date: /home/hkim/development/tello_ros_ws/install/tello_msgs/include/tello_msgs/msg/detail
[3.508s] -- Up-to-date: /home/hkim/development/tello_ros_ws/install/tello_msgs/include/tello_msgs/msg/detail/flight_data__builder.hpp
[3.508s] -- Up-to-date: /home/hkim/development/tello_ros_ws/install/tello_msgs/include/tello_msgs/msg/detail/flight_data__type_support.hpp
[3.508s] -- Up-to-date: /home/hkim/development/tello_ros_ws/install/tello_msgs/include/tello_msgs/msg/detail/flight_data__traits.hpp
[3.508s] -- Up-to-date: /home/hkim/development/tello_ros_ws/install/tello_msgs/include/tello_msgs/msg/detail/tello_response__struct.hpp
[3.508s] -- Up-to-date: /home/hkim/development/tello_ros_ws/install/tello_msgs/include/tello_msgs/msg/detail/tello_response__traits.hpp
[3.509s] -- Up-to-date: /home/hkim/development/tello_ros_ws/install/tello_msgs/include/tello_msgs/msg/detail/flight_data__struct.hpp
[3.509s] -- Up-to-date: /home/hkim/development/tello_ros_ws/install/tello_msgs/include/tello_msgs/msg/detail/tello_response__type_support.hpp
[3.510s] -- Up-to-date: /home/hkim/development/tello_ros_ws/install/tello_msgs/include/tello_msgs/msg/detail/tello_response__builder.hpp
[3.511s] -- Up-to-date: /home/hkim/development/tello_ros_ws/install/tello_msgs/include/tello_msgs/msg/flight_data.hpp
[3.511s] -- Up-to-date: /home/hkim/development/tello_ros_ws/install/tello_msgs/include/tello_msgs
[3.512s] -- Up-to-date: /home/hkim/development/tello_ros_ws/install/tello_msgs/include/tello_msgs/srv
[3.512s] -- Up-to-date: /home/hkim/development/tello_ros_ws/install/tello_msgs/include/tello_msgs/srv/detail
[3.512s] -- Up-to-date: /home/hkim/development/tello_ros_ws/install/tello_msgs/include/tello_msgs/srv/detail/tello_action__rosidl_typesupport_introspection_cpp.hpp
[3.512s] -- Up-to-date: /home/hkim/development/tello_ros_ws/install/tello_msgs/include/tello_msgs/srv/detail/tello_action__type_support.cpp
[3.512s] -- Up-to-date: /home/hkim/development/tello_ros_ws/install/tello_msgs/include/tello_msgs/msg
[3.513s] -- Up-to-date: /home/hkim/development/tello_ros_ws/install/tello_msgs/include/tello_msgs/msg/detail
[3.513s] -- Up-to-date: /home/hkim/development/tello_ros_ws/install/tello_msgs/include/tello_msgs/msg/detail/tello_response__rosidl_typesupport_introspection_cpp.hpp
[3.513s] -- Up-to-date: /home/hkim/development/tello_ros_ws/install/tello_msgs/include/tello_msgs/msg/detail/flight_data__rosidl_typesupport_introspection_cpp.hpp
[3.513s] -- Up-to-date: /home/hkim/development/tello_ros_ws/install/tello_msgs/include/tello_msgs/msg/detail/tello_response__type_support.cpp
[3.513s] -- Up-to-date: /home/hkim/development/tello_ros_ws/install/tello_msgs/include/tello_msgs/msg/detail/flight_data__type_support.cpp
[3.513s] -- Up-to-date: /home/hkim/development/tello_ros_ws/install/tello_msgs/lib/libtello_msgs__rosidl_typesupport_introspection_cpp.so
[3.513s] -- Up-to-date: /home/hkim/development/tello_ros_ws/install/tello_msgs/lib/libtello_msgs__rosidl_typesupport_cpp.so
[3.513s] -- Up-to-date: /home/hkim/development/tello_ros_ws/install/tello_msgs/share/tello_msgs/environment/pythonpath.sh
[3.513s] -- Up-to-date: /home/hkim/development/tello_ros_ws/install/tello_msgs/share/tello_msgs/environment/pythonpath.dsv
[3.513s] -- Up-to-date: /home/hkim/development/tello_ros_ws/install/tello_msgs/lib/python3.8/site-packages/tello_msgs/__init__.py
[3.725s] -- Up-to-date: /home/hkim/development/tello_ros_ws/install/tello_msgs/lib/python3.8/site-packages/tello_msgs/msg
[3.726s] -- Up-to-date: /home/hkim/development/tello_ros_ws/install/tello_msgs/lib/python3.8/site-packages/tello_msgs/msg/_tello_response_s.c
[3.726s] -- Up-to-date: /home/hkim/development/tello_ros_ws/install/tello_msgs/lib/python3.8/site-packages/tello_msgs/msg/_flight_data.py
[3.726s] -- Up-to-date: /home/hkim/development/tello_ros_ws/install/tello_msgs/lib/python3.8/site-packages/tello_msgs/msg/_flight_data_s.c
[3.727s] -- Up-to-date: /home/hkim/development/tello_ros_ws/install/tello_msgs/lib/python3.8/site-packages/tello_msgs/msg/_tello_response.py
[3.727s] -- Up-to-date: /home/hkim/development/tello_ros_ws/install/tello_msgs/lib/python3.8/site-packages/tello_msgs/msg/__init__.py
[3.727s] -- Up-to-date: /home/hkim/development/tello_ros_ws/install/tello_msgs/lib/python3.8/site-packages/tello_msgs/srv
[3.727s] -- Up-to-date: /home/hkim/development/tello_ros_ws/install/tello_msgs/lib/python3.8/site-packages/tello_msgs/srv/_tello_action_s.c
[3.728s] -- Up-to-date: /home/hkim/development/tello_ros_ws/install/tello_msgs/lib/python3.8/site-packages/tello_msgs/srv/__init__.py
[3.728s] -- Up-to-date: /home/hkim/development/tello_ros_ws/install/tello_msgs/lib/python3.8/site-packages/tello_msgs/srv/_tello_action.py
[3.730s] -- Installing: /home/hkim/development/tello_ros_ws/install/tello_msgs/lib/python3.8/site-packages/tello_msgs/tello_msgs_s__rosidl_typesupport_fastrtps_c.cpython-38-x86_64-linux-gnu.so
[3.730s] -- Set runtime path of "/home/hkim/development/tello_ros_ws/install/tello_msgs/lib/python3.8/site-packages/tello_msgs/tello_msgs_s__rosidl_typesupport_fastrtps_c.cpython-38-x86_64-linux-gnu.so" to ""
[3.732s] -- Installing: /home/hkim/development/tello_ros_ws/install/tello_msgs/lib/python3.8/site-packages/tello_msgs/tello_msgs_s__rosidl_typesupport_introspection_c.cpython-38-x86_64-linux-gnu.so
[3.733s] -- Set runtime path of "/home/hkim/development/tello_ros_ws/install/tello_msgs/lib/python3.8/site-packages/tello_msgs/tello_msgs_s__rosidl_typesupport_introspection_c.cpython-38-x86_64-linux-gnu.so" to ""
[3.736s] -- Installing: /home/hkim/development/tello_ros_ws/install/tello_msgs/lib/python3.8/site-packages/tello_msgs/tello_msgs_s__rosidl_typesupport_c.cpython-38-x86_64-linux-gnu.so
[3.737s] -- Set runtime path of "/home/hkim/development/tello_ros_ws/install/tello_msgs/lib/python3.8/site-packages/tello_msgs/tello_msgs_s__rosidl_typesupport_c.cpython-38-x86_64-linux-gnu.so" to ""
[3.738s] -- Installing: /home/hkim/development/tello_ros_ws/install/tello_msgs/lib/libtello_msgs__python.so
[3.739s] -- Set runtime path of "/home/hkim/development/tello_ros_ws/install/tello_msgs/lib/libtello_msgs__python.so" to ""
[3.740s] -- Up-to-date: /home/hkim/development/tello_ros_ws/install/tello_msgs/share/tello_msgs/msg/FlightData.idl
[3.740s] -- Up-to-date: /home/hkim/development/tello_ros_ws/install/tello_msgs/share/tello_msgs/msg/TelloResponse.idl
[3.740s] -- Up-to-date: /home/hkim/development/tello_ros_ws/install/tello_msgs/share/tello_msgs/srv/TelloAction.idl
[3.741s] -- Up-to-date: /home/hkim/development/tello_ros_ws/install/tello_msgs/share/tello_msgs/msg/FlightData.msg
[3.741s] -- Up-to-date: /home/hkim/development/tello_ros_ws/install/tello_msgs/share/tello_msgs/msg/TelloResponse.msg
[3.741s] -- Up-to-date: /home/hkim/development/tello_ros_ws/install/tello_msgs/share/tello_msgs/srv/TelloAction.srv
[3.742s] -- Up-to-date: /home/hkim/development/tello_ros_ws/install/tello_msgs/share/tello_msgs/srv/TelloAction_Request.msg
[3.742s] -- Up-to-date: /home/hkim/development/tello_ros_ws/install/tello_msgs/share/tello_msgs/srv/TelloAction_Response.msg
[3.742s] -- Up-to-date: /home/hkim/development/tello_ros_ws/install/tello_msgs/share/ament_index/resource_index/package_run_dependencies/tello_msgs
[3.742s] -- Up-to-date: /home/hkim/development/tello_ros_ws/install/tello_msgs/share/ament_index/resource_index/parent_prefix_path/tello_msgs
[3.743s] -- Up-to-date: /home/hkim/development/tello_ros_ws/install/tello_msgs/share/tello_msgs/environment/ament_prefix_path.sh
[3.743s] -- Up-to-date: /home/hkim/development/tello_ros_ws/install/tello_msgs/share/tello_msgs/environment/ament_prefix_path.dsv
[3.744s] -- Up-to-date: /home/hkim/development/tello_ros_ws/install/tello_msgs/share/tello_msgs/environment/path.sh
[3.744s] -- Up-to-date: /home/hkim/development/tello_ros_ws/install/tello_msgs/share/tello_msgs/environment/path.dsv
[3.745s] -- Up-to-date: /home/hkim/development/tello_ros_ws/install/tello_msgs/share/tello_msgs/local_setup.bash
[3.745s] -- Up-to-date: /home/hkim/development/tello_ros_ws/install/tello_msgs/share/tello_msgs/local_setup.sh
[3.745s] -- Up-to-date: /home/hkim/development/tello_ros_ws/install/tello_msgs/share/tello_msgs/local_setup.zsh
[3.746s] -- Up-to-date: /home/hkim/development/tello_ros_ws/install/tello_msgs/share/tello_msgs/local_setup.dsv
[3.746s] -- Installing: /home/hkim/development/tello_ros_ws/install/tello_msgs/share/tello_msgs/package.dsv
[3.748s] -- Up-to-date: /home/hkim/development/tello_ros_ws/install/tello_msgs/share/ament_index/resource_index/packages/tello_msgs
[3.751s] -- Up-to-date: /home/hkim/development/tello_ros_ws/install/tello_msgs/share/tello_msgs/cmake/tello_msgs__rosidl_generator_cExport.cmake
[3.751s] -- Up-to-date: /home/hkim/development/tello_ros_ws/install/tello_msgs/share/tello_msgs/cmake/tello_msgs__rosidl_generator_cExport-noconfig.cmake
[3.753s] -- Up-to-date: /home/hkim/development/tello_ros_ws/install/tello_msgs/share/tello_msgs/cmake/tello_msgs__rosidl_typesupport_introspection_cExport.cmake
[3.754s] -- Up-to-date: /home/hkim/development/tello_ros_ws/install/tello_msgs/share/tello_msgs/cmake/tello_msgs__rosidl_typesupport_introspection_cExport-noconfig.cmake
[3.756s] -- Up-to-date: /home/hkim/development/tello_ros_ws/install/tello_msgs/share/tello_msgs/cmake/tello_msgs__rosidl_typesupport_cExport.cmake
[3.757s] -- Up-to-date: /home/hkim/development/tello_ros_ws/install/tello_msgs/share/tello_msgs/cmake/tello_msgs__rosidl_typesupport_cExport-noconfig.cmake
[3.758s] -- Up-to-date: /home/hkim/development/tello_ros_ws/install/tello_msgs/share/tello_msgs/cmake/tello_msgs__rosidl_generator_cppExport.cmake
[3.760s] -- Up-to-date: /home/hkim/development/tello_ros_ws/install/tello_msgs/share/tello_msgs/cmake/tello_msgs__rosidl_typesupport_introspection_cppExport.cmake
[3.761s] -- Up-to-date: /home/hkim/development/tello_ros_ws/install/tello_msgs/share/tello_msgs/cmake/tello_msgs__rosidl_typesupport_introspection_cppExport-noconfig.cmake
[3.762s] -- Up-to-date: /home/hkim/development/tello_ros_ws/install/tello_msgs/share/tello_msgs/cmake/tello_msgs__rosidl_typesupport_cppExport.cmake
[3.762s] -- Up-to-date: /home/hkim/development/tello_ros_ws/install/tello_msgs/share/tello_msgs/cmake/tello_msgs__rosidl_typesupport_cppExport-noconfig.cmake
[3.762s] -- Up-to-date: /home/hkim/development/tello_ros_ws/install/tello_msgs/share/tello_msgs/cmake/rosidl_cmake-extras.cmake
[3.762s] -- Up-to-date: /home/hkim/development/tello_ros_ws/install/tello_msgs/share/tello_msgs/cmake/ament_cmake_export_dependencies-extras.cmake
[3.763s] -- Up-to-date: /home/hkim/development/tello_ros_ws/install/tello_msgs/share/tello_msgs/cmake/ament_cmake_export_libraries-extras.cmake
[3.763s] -- Up-to-date: /home/hkim/development/tello_ros_ws/install/tello_msgs/share/tello_msgs/cmake/ament_cmake_export_targets-extras.cmake
[3.763s] -- Up-to-date: /home/hkim/development/tello_ros_ws/install/tello_msgs/share/tello_msgs/cmake/ament_cmake_export_include_directories-extras.cmake
[3.763s] -- Up-to-date: /home/hkim/development/tello_ros_ws/install/tello_msgs/share/tello_msgs/cmake/rosidl_cmake_export_typesupport_libraries-extras.cmake
[3.764s] -- Up-to-date: /home/hkim/development/tello_ros_ws/install/tello_msgs/share/tello_msgs/cmake/rosidl_cmake_export_typesupport_targets-extras.cmake
[3.764s] -- Up-to-date: /home/hkim/development/tello_ros_ws/install/tello_msgs/share/tello_msgs/cmake/tello_msgsConfig.cmake
[3.764s] -- Up-to-date: /home/hkim/development/tello_ros_ws/install/tello_msgs/share/tello_msgs/cmake/tello_msgsConfig-version.cmake
[3.764s] -- Up-to-date: /home/hkim/development/tello_ros_ws/install/tello_msgs/share/tello_msgs/package.xml
[3.789s] Invoked command in '/home/hkim/development/tello_ros_ws/build/tello_msgs' returned '0': CMAKE_PREFIX_PATH=${CMAKE_PREFIX_PATH}:/opt/ros/foxy /usr/bin/cmake --install /home/hkim/development/tello_ros_ws/build/tello_msgs
