[0.018s] Invoking command in '/home/hkim/development/tello_ros_ws/build/orbslam3': CMAKE_PREFIX_PATH=${CMAKE_PREFIX_PATH}:/opt/ros/foxy /usr/bin/cmake --build /home/hkim/development/tello_ros_ws/build/orbslam3 -- -j4 -l4
[0.315s] [ 25%] Built target stereo-inertial
[0.316s] [ 50%] Built target stereo
[0.346s] [ 75%] Built target rgbd
[0.356s] [100%] Built target mono
[0.379s] Invoked command in '/home/hkim/development/tello_ros_ws/build/orbslam3' returned '0': CMAKE_PREFIX_PATH=${CMAKE_PREFIX_PATH}:/opt/ros/foxy /usr/bin/cmake --build /home/hkim/development/tello_ros_ws/build/orbslam3 -- -j4 -l4
[0.611s] Invoking command in '/home/hkim/development/tello_ros_ws/build/orbslam3': CMAKE_PREFIX_PATH=${CMAKE_PREFIX_PATH}:/opt/ros/foxy /usr/bin/cmake --install /home/hkim/development/tello_ros_ws/build/orbslam3
[0.640s] -- Install configuration: ""
[0.640s] -- Execute custom install script
[0.641s] -- Up-to-date symlink: /home/hkim/development/tello_ros_ws/install/orbslam3/lib/orbslam3/mono
[0.642s] -- Up-to-date symlink: /home/hkim/development/tello_ros_ws/install/orbslam3/lib/orbslam3/rgbd
[0.642s] -- Up-to-date symlink: /home/hkim/development/tello_ros_ws/install/orbslam3/lib/orbslam3/stereo
[0.643s] -- Up-to-date symlink: /home/hkim/development/tello_ros_ws/install/orbslam3/lib/orbslam3/stereo-inertial
[0.644s] -- Up-to-date symlink: /home/hkim/development/tello_ros_ws/install/orbslam3/share/ament_index/resource_index/package_run_dependencies/orbslam3
[0.645s] -- Up-to-date symlink: /home/hkim/development/tello_ros_ws/install/orbslam3/share/ament_index/resource_index/parent_prefix_path/orbslam3
[0.645s] -- Up-to-date symlink: /home/hkim/development/tello_ros_ws/install/orbslam3/share/orbslam3/environment/ament_prefix_path.sh
[0.646s] -- Up-to-date symlink: /home/hkim/development/tello_ros_ws/install/orbslam3/share/orbslam3/environment/ament_prefix_path.dsv
[0.647s] -- Up-to-date symlink: /home/hkim/development/tello_ros_ws/install/orbslam3/share/orbslam3/environment/path.sh
[0.648s] -- Up-to-date symlink: /home/hkim/development/tello_ros_ws/install/orbslam3/share/orbslam3/environment/path.dsv
[0.648s] -- Up-to-date symlink: /home/hkim/development/tello_ros_ws/install/orbslam3/share/orbslam3/local_setup.bash
[0.649s] -- Up-to-date symlink: /home/hkim/development/tello_ros_ws/install/orbslam3/share/orbslam3/local_setup.sh
[0.650s] -- Up-to-date symlink: /home/hkim/development/tello_ros_ws/install/orbslam3/share/orbslam3/local_setup.zsh
[0.650s] -- Up-to-date symlink: /home/hkim/development/tello_ros_ws/install/orbslam3/share/orbslam3/local_setup.dsv
[0.651s] -- Symlinking: /home/hkim/development/tello_ros_ws/install/orbslam3/share/orbslam3/package.dsv
[0.666s] -- Up-to-date symlink: /home/hkim/development/tello_ros_ws/install/orbslam3/share/ament_index/resource_index/packages/orbslam3
[0.667s] -- Up-to-date symlink: /home/hkim/development/tello_ros_ws/install/orbslam3/share/orbslam3/cmake/orbslam3Config.cmake
[0.668s] -- Up-to-date symlink: /home/hkim/development/tello_ros_ws/install/orbslam3/share/orbslam3/cmake/orbslam3Config-version.cmake
[0.669s] -- Up-to-date symlink: /home/hkim/development/tello_ros_ws/install/orbslam3/share/orbslam3/package.xml
[0.676s] Invoked command in '/home/hkim/development/tello_ros_ws/build/orbslam3' returned '0': CMAKE_PREFIX_PATH=${CMAKE_PREFIX_PATH}:/opt/ros/foxy /usr/bin/cmake --install /home/hkim/development/tello_ros_ws/build/orbslam3
